# JRE version: Java(TM) SE Runtime Environment (8.0_91-b14) (build 1.8.0_91-b14)
# Java VM: Java HotSpot(TM) 64-Bit Server VM (25.91-b14 mixed mode windows-amd64 compressed oops)
Heap:
 PSYoungGen      total 140288K, used 22646K [0x00000000d5e00000, 0x00000000df100000, 0x0000000100000000)
  eden space 131584K, 10% used [0x00000000d5e00000,0x00000000d6ba14f0,0x00000000dde80000)
  from space 8704K, 99% used [0x00000000dde80000,0x00000000de6fc600,0x00000000de700000)
  to   space 7168K, 0% used [0x00000000de700000,0x00000000de700000,0x00000000dee00000)
 ParOldGen       total 49152K, used 9767K [0x0000000081a00000, 0x0000000084a00000, 0x00000000d5e00000)
  object space 49152K, 19% used [0x0000000081a00000,0x0000000082389d10,0x0000000084a00000)
 Metaspace       used 29144K, capacity 30046K, committed 30336K, reserved 1075200K
  class space    used 3888K, capacity 4103K, committed 4224K, reserved 1048576K
GC Heap History (10 events):
Event: 4.264 GC heap before
{Heap before GC invocations=4 (full 0):
 PSYoungGen      total 38400K, used 37897K [0x00000000d5e00000, 0x00000000da900000, 0x0000000100000000)
  eden space 33280K, 100% used [0x00000000d5e00000,0x00000000d7e80000,0x00000000d7e80000)
  from space 5120K, 90% used [0x00000000d7e80000,0x00000000d83026a0,0x00000000d8380000)
  to   space 5120K, 0% used [0x00000000da400000,0x00000000da400000,0x00000000da900000)
 ParOldGen       total 87552K, used 24K [0x0000000081a00000, 0x0000000086f80000, 0x00000000d5e00000)
  object space 87552K, 0% used [0x0000000081a00000,0x0000000081a06000,0x0000000086f80000)
 Metaspace       used 14424K, capacity 14822K, committed 14976K, reserved 1062912K
  class space    used 1802K, capacity 1919K, committed 1920K, reserved 1048576K
Event: 4.294 GC heap after
Heap after GC invocations=4 (full 0):
 PSYoungGen      total 71680K, used 5119K [0x00000000d5e00000, 0x00000000da900000, 0x0000000100000000)
  eden space 66560K, 0% used [0x00000000d5e00000,0x00000000d5e00000,0x00000000d9f00000)
  from space 5120K, 99% used [0x00000000da400000,0x00000000da8ffca0,0x00000000da900000)
  to   space 5120K, 0% used [0x00000000d9f00000,0x00000000d9f00000,0x00000000da400000)
 ParOldGen       total 87552K, used 203K [0x0000000081a00000, 0x0000000086f80000, 0x00000000d5e00000)
  object space 87552K, 0% used [0x0000000081a00000,0x0000000081a32db0,0x0000000086f80000)
 Metaspace       used 14424K, capacity 14822K, committed 14976K, reserved 1062912K
  class space    used 1802K, capacity 1919K, committed 1920K, reserved 1048576K
}
Event: 5.103 GC heap before
{Heap before GC invocations=5 (full 0):
 PSYoungGen      total 71680K, used 71679K [0x00000000d5e00000, 0x00000000da900000, 0x0000000100000000)
  eden space 66560K, 100% used [0x00000000d5e00000,0x00000000d9f00000,0x00000000d9f00000)
  from space 5120K, 99% used [0x00000000da400000,0x00000000da8ffca0,0x00000000da900000)
  to   space 5120K, 0% used [0x00000000d9f00000,0x00000000d9f00000,0x00000000da400000)
 ParOldGen       total 87552K, used 203K [0x0000000081a00000, 0x0000000086f80000, 0x00000000d5e00000)
  object space 87552K, 0% used [0x0000000081a00000,0x0000000081a32db0,0x0000000086f80000)
 Metaspace       used 17781K, capacity 18300K, committed 18432K, reserved 1064960K
  class space    used 2321K, capacity 2448K, committed 2560K, reserved 1048576K
Event: 5.152 GC heap after
Heap after GC invocations=5 (full 0):
 PSYoungGen      total 71680K, used 5088K [0x00000000d5e00000, 0x00000000dee00000, 0x0000000100000000)
  eden space 66560K, 0% used [0x00000000d5e00000,0x00000000d5e00000,0x00000000d9f00000)
  from space 5120K, 99% used [0x00000000d9f00000,0x00000000da3f82a0,0x00000000da400000)
  to   space 7168K, 0% used [0x00000000de700000,0x00000000de700000,0x00000000dee00000)
 ParOldGen       total 87552K, used 2145K [0x0000000081a00000, 0x0000000086f80000, 0x00000000d5e00000)
  object space 87552K, 2% used [0x0000000081a00000,0x0000000081c18500,0x0000000086f80000)
 Metaspace       used 17781K, capacity 18300K, committed 18432K, reserved 1064960K
  class space    used 2321K, capacity 2448K, committed 2560K, reserved 1048576K
}
Event: 5.685 GC heap before
{Heap before GC invocations=6 (full 0):
 PSYoungGen      total 71680K, used 43178K [0x00000000d5e00000, 0x00000000dee00000, 0x0000000100000000)
  eden space 66560K, 57% used [0x00000000d5e00000,0x00000000d8332718,0x00000000d9f00000)
  from space 5120K, 99% used [0x00000000d9f00000,0x00000000da3f82a0,0x00000000da400000)
  to   space 7168K, 0% used [0x00000000de700000,0x00000000de700000,0x00000000dee00000)
 ParOldGen       total 87552K, used 2145K [0x0000000081a00000, 0x0000000086f80000, 0x00000000d5e00000)
  object space 87552K, 2% used [0x0000000081a00000,0x0000000081c18500,0x0000000086f80000)
 Metaspace       used 20674K, capacity 21178K, committed 21296K, reserved 1067008K
  class space    used 2687K, capacity 2859K, committed 2944K, reserved 1048576K
Event: 5.696 GC heap after
Heap after GC invocations=6 (full 0):
 PSYoungGen      total 138752K, used 7166K [0x00000000d5e00000, 0x00000000df100000, 0x0000000100000000)
  eden space 131584K, 0% used [0x00000000d5e00000,0x00000000d5e00000,0x00000000dde80000)
  from space 7168K, 99% used [0x00000000de700000,0x00000000dedffa20,0x00000000dee00000)
  to   space 8704K, 0% used [0x00000000dde80000,0x00000000dde80000,0x00000000de700000)
 ParOldGen       total 87552K, used 2727K [0x0000000081a00000, 0x0000000086f80000, 0x00000000d5e00000)
  object space 87552K, 3% used [0x0000000081a00000,0x0000000081ca9d78,0x0000000086f80000)
 Metaspace       used 20674K, capacity 21178K, committed 21296K, reserved 1067008K
  class space    used 2687K, capacity 2859K, committed 2944K, reserved 1048576K
}
Event: 5.696 GC heap before
{Heap before GC invocations=7 (full 1):
 PSYoungGen      total 138752K, used 7166K [0x00000000d5e00000, 0x00000000df100000, 0x0000000100000000)
  eden space 131584K, 0% used [0x00000000d5e00000,0x00000000d5e00000,0x00000000dde80000)
  from space 7168K, 99% used [0x00000000de700000,0x00000000dedffa20,0x00000000dee00000)
  to   space 8704K, 0% used [0x00000000dde80000,0x00000000dde80000,0x00000000de700000)
 ParOldGen       total 87552K, used 2727K [0x0000000081a00000, 0x0000000086f80000, 0x00000000d5e00000)
  object space 87552K, 3% used [0x0000000081a00000,0x0000000081ca9d78,0x0000000086f80000)
 Metaspace       used 20674K, capacity 21178K, committed 21296K, reserved 1067008K
  class space    used 2687K, capacity 2859K, committed 2944K, reserved 1048576K
Event: 5.748 GC heap after
Heap after GC invocations=7 (full 1):
 PSYoungGen      total 138752K, used 0K [0x00000000d5e00000, 0x00000000df100000, 0x0000000100000000)
  eden space 131584K, 0% used [0x00000000d5e00000,0x00000000d5e00000,0x00000000dde80000)
  from space 7168K, 0% used [0x00000000de700000,0x00000000de700000,0x00000000dee00000)
  to   space 8704K, 0% used [0x00000000dde80000,0x00000000dde80000,0x00000000de700000)
 ParOldGen       total 49152K, used 7363K [0x0000000081a00000, 0x0000000084a00000, 0x00000000d5e00000)
  object space 49152K, 14% used [0x0000000081a00000,0x0000000082130ea8,0x0000000084a00000)
 Metaspace       used 20674K, capacity 21178K, committed 21296K, reserved 1067008K
  class space    used 2687K, capacity 2859K, committed 2944K, reserved 1048576K
}
Event: 15.221 GC heap before
{Heap before GC invocations=8 (full 1):
 PSYoungGen      total 138752K, used 131584K [0x00000000d5e00000, 0x00000000df100000, 0x0000000100000000)
  eden space 131584K, 100% used [0x00000000d5e00000,0x00000000dde80000,0x00000000dde80000)
  from space 7168K, 0% used [0x00000000de700000,0x00000000de700000,0x00000000dee00000)
  to   space 8704K, 0% used [0x00000000dde80000,0x00000000dde80000,0x00000000de700000)
 ParOldGen       total 49152K, used 7363K [0x0000000081a00000, 0x0000000084a00000, 0x00000000d5e00000)
  object space 49152K, 14% used [0x0000000081a00000,0x0000000082130ea8,0x0000000084a00000)
 Metaspace       used 28794K, capacity 29708K, committed 29952K, reserved 1075200K
  class space    used 3842K, capacity 4036K, committed 4096K, reserved 1048576K
Event: 15.252 GC heap after
Heap after GC invocations=8 (full 1):
 PSYoungGen      total 140288K, used 8689K [0x00000000d5e00000, 0x00000000df100000, 0x0000000100000000)
  eden space 131584K, 0% used [0x00000000d5e00000,0x00000000d5e00000,0x00000000dde80000)
  from space 8704K, 99% used [0x00000000dde80000,0x00000000de6fc600,0x00000000de700000)
  to   space 7168K, 0% used [0x00000000de700000,0x00000000de700000,0x00000000dee00000)
 ParOldGen       total 49152K, used 9767K [0x0000000081a00000, 0x0000000084a00000, 0x00000000d5e00000)
  object space 49152K, 19% used [0x0000000081a00000,0x0000000082389d10,0x0000000084a00000)
 Metaspace       used 28794K, capacity 29708K, committed 29952K, reserved 1075200K
  class space    used 3842K, capacity 4036K, committed 4096K, reserved 1048576K
}

