<?xml version="1.0" encoding="UTF-8"?>
<testsuite xmlns:xsi="http://www.w3.org/2001/XMLSchema-instance" xsi:noNamespaceSchemaLocation="https://maven.apache.org/surefire/maven-surefire-plugin/xsd/surefire-test-report.xsd" name="com.ningmeng.manage_course.dao.Tests" time="0.366" tests="1" errors="1" skipped="0" failures="0">
  <properties>
[...]
</properties>
  <testcase name="testRibbon" classname="com.ningmeng.manage_course.dao.Tests" time="0.359">
    <error message="No instances available for NM-SERVICE-MANAGE-CMS" type="java.lang.IllegalStateException">java.lang.IllegalStateException: No instances available for NM-SERVICE-MANAGE-CMS
	at com.ningmeng.manage_course.dao.Tests.testRibbon(Tests.java:28)
</error>
    <system-out><![CDATA[2020-03-09 20:45:44.637 [main] DEBUG o.s.t.c.j.SpringJUnit4ClassRunner - SpringJUnit4ClassRunner constructor called with [class com.ningmeng.manage_course.dao.Tests]
2020-03-09 20:45:44.637 [main] DEBUG o.s.test.context.BootstrapUtils - Instantiating CacheAwareContextLoaderDelegate from class [org.springframework.test.context.cache.DefaultCacheAwareContextLoaderDelegate]
2020-03-09 20:45:44.637 [main] DEBUG o.s.test.context.BootstrapUtils - Instantiating BootstrapContext using constructor [public org.springframework.test.context.support.DefaultBootstrapContext(java.lang.Class,org.springframework.test.context.CacheAwareContextLoaderDelegate)]
2020-03-09 20:45:44.637 [main] DEBUG o.s.test.context.BootstrapUtils - Instantiating TestContextBootstrapper for test class [com.ningmeng.manage_course.dao.Tests] from class [org.springframework.boot.test.context.SpringBootTestContextBootstrapper]
2020-03-09 20:45:44.638 [main] INFO  o.s.b.t.c.SpringBootTestContextBootstrapper - Neither @ContextConfiguration nor @ContextHierarchy found for test class [com.ningmeng.manage_course.dao.Tests], using SpringBootContextLoader
2020-03-09 20:45:44.638 [main] DEBUG o.s.t.c.s.AbstractContextLoader - Did not detect default resource location for test class [com.ningmeng.manage_course.dao.Tests]: class path resource [com/ningmeng/manage_course/dao/Tests-context.xml] does not exist
2020-03-09 20:45:44.640 [main] DEBUG o.s.t.c.s.AbstractContextLoader - Did not detect default resource location for test class [com.ningmeng.manage_course.dao.Tests]: class path resource [com/ningmeng/manage_course/dao/TestsContext.groovy] does not exist
2020-03-09 20:45:44.640 [main] INFO  o.s.t.c.s.AbstractContextLoader - Could not detect default resource locations for test class [com.ningmeng.manage_course.dao.Tests]: no resource found for suffixes {-context.xml, Context.groovy}.
2020-03-09 20:45:44.640 [main] INFO  o.s.t.c.s.AnnotationConfigContextLoaderUtils - Could not detect default configuration classes for test class [com.ningmeng.manage_course.dao.Tests]: Tests does not declare any static, non-private, non-final, nested classes annotated with @Configuration.
2020-03-09 20:45:44.640 [main] DEBUG o.s.t.c.support.ActiveProfilesUtils - Could not find an 'annotation declaring class' for annotation type [org.springframework.test.context.ActiveProfiles] and class [com.ningmeng.manage_course.dao.Tests]
2020-03-09 20:45:44.640 [main] DEBUG o.s.core.env.StandardEnvironment - Adding PropertySource 'systemProperties' with lowest search precedence
2020-03-09 20:45:44.641 [main] DEBUG o.s.core.env.StandardEnvironment - Adding PropertySource 'systemEnvironment' with lowest search precedence
2020-03-09 20:45:44.641 [main] DEBUG o.s.core.env.StandardEnvironment - Initialized StandardEnvironment with PropertySources [MapPropertySource@2010632912 {name='systemProperties', properties={idea.version=2017.1.2, java.runtime.name=Java(TM) SE Runtime Environment, sun.boot.library.path=C:\Program Files\Java\jdk1.8.0_91\jre\bin, java.vm.version=25.91-b14, java.vm.vendor=Oracle Corporation, java.vendor.url=http://java.oracle.com/, path.separator=;, java.vm.name=Java HotSpot(TM) 64-Bit Server VM, file.encoding.pkg=sun.io, user.country=CN, user.script=, sun.java.launcher=SUN_STANDARD, sun.os.patch.level=, PID=27140, java.vm.specification.name=Java Virtual Machine Specification, user.dir=E:\1704A\hdServiceCode\nm-service-manage-course, java.runtime.version=1.8.0_91-b14, basedir=E:\1704A\hdServiceCode\nm-service-manage-course, java.awt.graphicsenv=sun.awt.Win32GraphicsEnvironment, java.endorsed.dirs=C:\Program Files\Java\jdk1.8.0_91\jre\lib\endorsed, os.arch=amd64, surefire.real.class.path=C:\Users\wangb\AppData\Local\Temp\surefire8359040626052298865\surefirebooter7147715406186341325.jar, java.io.tmpdir=C:\Users\wangb\AppData\Local\Temp\, line.separator=
, java.vm.specification.vendor=Oracle Corporation, user.variant=, os.name=Windows 10, sun.jnu.encoding=GBK, spring.beaninfo.ignore=true, java.library.path=C:\Program Files\Java\jdk1.8.0_91\jre\bin;C:\WINDOWS\Sun\Java\bin;C:\WINDOWS\system32;C:\WINDOWS;E:\app\wangb\product\11.2.0\dbhome_1\bin;E:\maven\apache-maven-3.6.1\bin;C:\Program Files\Java\jdk1.8.0_91\bin;C:\Program Files (x86)\Intel\iCLS Client\;C:\Program Files\Intel\iCLS Client\;C:\Windows\system32;C:\Windows;C:\Windows\System32\Wbem;C:\Windows\System32\WindowsPowerShell\v1.0\;C:\Program Files (x86)\NVIDIA Corporation\PhysX\Common;C:\Program Files (x86)\Intel\Intel(R) Management Engine Components\DAL;C:\Program Files\Intel\Intel(R) Management Engine Components\DAL;C:\Program Files (x86)\Intel\Intel(R) Management Engine Components\IPT;C:\Program Files\Intel\Intel(R) Management Engine Components\IPT;C:\WINDOWS\system32;C:\WINDOWS;C:\WINDOWS\System32\Wbem;C:\WINDOWS\System32\WindowsPowerShell\v1.0\;C:\WINDOWS\System32\OpenSSH\;C:\Program Files\MySQL\MySQL Server 5.5\bin;E:\nodejs\;E:\Git\cmd;E:\Mp4\ffmpeg-20180227-fa0c9d6-win64-static\bin;C:\Users\wangb\AppData\Local\Microsoft\WindowsApps;C:\Users\wangb\AppData\Roaming\npm;E:\Microsoft VS Code\bin;., surefire.test.class.path=E:\1704A\hdServiceCode\nm-service-manage-course\target\test-classes;E:\1704A\hdServiceCode\nm-service-manage-course\target\classes;E:\1704A\repository\com\github\pagehelper\pagehelper-spring-boot-starter\1.2.4\pagehelper-spring-boot-starter-1.2.4.jar;E:\1704A\repository\org\springframework\boot\spring-boot-starter\2.0.1.RELEASE\spring-boot-starter-2.0.1.RELEASE.jar;E:\1704A\repository\org\springframework\boot\spring-boot\2.0.1.RELEASE\spring-boot-2.0.1.RELEASE.jar;E:\1704A\repository\javax\annotation\javax.annotation-api\1.3.2\javax.annotation-api-1.3.2.jar;E:\1704A\repository\org\yaml\snakeyaml\1.19\snakeyaml-1.19.jar;E:\1704A\repository\com\github\pagehelper\pagehelper-spring-boot-autoconfigure\1.2.4\pagehelper-spring-boot-autoconfigure-1.2.4.jar;E:\1704A\repository\com\github\pagehelper\pagehelper\5.1.3\pagehelper-5.1.3.jar;E:\1704A\repository\com\github\jsqlparser\jsqlparser\1.0\jsqlparser-1.0.jar;E:\1704A\hdServiceCode\nm-service-api\target\nm-service-api.jar;E:\1704A\repository\commons-fileupload\commons-fileupload\1.3.3\commons-fileupload-1.3.3.jar;E:\1704A\repository\io\springfox\springfox-swagger2\2.7.0\springfox-swagger2-2.7.0.jar;E:\1704A\repository\io\swagger\swagger-annotations\1.5.13\swagger-annotations-1.5.13.jar;E:\1704A\repository\io\swagger\swagger-models\1.5.13\swagger-models-1.5.13.jar;E:\1704A\repository\io\springfox\springfox-spi\2.7.0\springfox-spi-2.7.0.jar;E:\1704A\repository\io\springfox\springfox-core\2.7.0\springfox-core-2.7.0.jar;E:\1704A\repository\io\springfox\springfox-schema\2.7.0\springfox-schema-2.7.0.jar;E:\1704A\repository\io\springfox\springfox-swagger-common\2.7.0\springfox-swagger-common-2.7.0.jar;E:\1704A\repository\io\springfox\springfox-spring-web\2.7.0\springfox-spring-web-2.7.0.jar;E:\1704A\repository\org\reflections\reflections\0.9.11\reflections-0.9.11.jar;E:\1704A\repository\com\fasterxml\classmate\1.3.4\classmate-1.3.4.jar;E:\1704A\repository\org\springframework\plugin\spring-plugin-core\1.2.0.RELEASE\spring-plugin-core-1.2.0.RELEASE.jar;E:\1704A\repository\org\springframework\plugin\spring-plugin-metadata\1.2.0.RELEASE\spring-plugin-metadata-1.2.0.RELEASE.jar;E:\1704A\repository\org\mapstruct\mapstruct\1.1.0.Final\mapstruct-1.1.0.Final.jar;E:\1704A\repository\io\springfox\springfox-swagger-ui\2.7.0\springfox-swagger-ui-2.7.0.jar;E:\1704A\hdServiceCode\nm-framework-model\target\nm-framework-model.jar;E:\1704A\repository\org\projectlombok\lombok\1.16.16\lombok-1.16.16.jar;E:\1704A\repository\org\springframework\data\spring-data-commons\2.0.6.RELEASE\spring-data-commons-2.0.6.RELEASE.jar;E:\1704A\repository\org\springframework\data\spring-data-mongodb\2.0.6.RELEASE\spring-data-mongodb-2.0.6.RELEASE.jar;E:\1704A\repository\org\springframework\spring-context\5.0.5.RELEASE\spring-context-5.0.5.RELEASE.jar;E:\1704A\repository\org\springframework\spring-expression\5.0.5.RELEASE\spring-expression-5.0.5.RELEASE.jar;E:\1704A\repository\org\mongodb\mongo-java-driver\3.6.3\mongo-java-driver-3.6.3.jar;E:\1704A\repository\org\hibernate\hibernate-core\5.2.16.Final\hibernate-core-5.2.16.Final.jar;E:\1704A\repository\org\jboss\logging\jboss-logging\3.3.2.Final\jboss-logging-3.3.2.Final.jar;E:\1704A\repository\org\hibernate\javax\persistence\hibernate-jpa-2.1-api\1.0.0.Final\hibernate-jpa-2.1-api-1.0.0.Final.jar;E:\1704A\repository\org\javassist\javassist\3.22.0-GA\javassist-3.22.0-GA.jar;E:\1704A\repository\antlr\antlr\2.7.7\antlr-2.7.7.jar;E:\1704A\repository\org\jboss\spec\javax\transaction\jboss-transaction-api_1.2_spec\1.0.1.Final\jboss-transaction-api_1.2_spec-1.0.1.Final.jar;E:\1704A\repository\org\jboss\jandex\2.0.3.Final\jandex-2.0.3.Final.jar;E:\1704A\repository\dom4j\dom4j\1.6.1\dom4j-1.6.1.jar;E:\1704A\repository\org\hibernate\common\hibernate-commons-annotations\5.0.1.Final\hibernate-commons-annotations-5.0.1.Final.jar;E:\1704A\repository\com\google\guava\guava\24.0-jre\guava-24.0-jre.jar;E:\1704A\repository\com\google\code\findbugs\jsr305\1.3.9\jsr305-1.3.9.jar;E:\1704A\repository\org\checkerframework\checker-compat-qual\2.0.0\checker-compat-qual-2.0.0.jar;E:\1704A\repository\com\google\errorprone\error_prone_annotations\2.1.3\error_prone_annotations-2.1.3.jar;E:\1704A\repository\com\google\j2objc\j2objc-annotations\1.1\j2objc-annotations-1.1.jar;E:\1704A\repository\org\codehaus\mojo\animal-sniffer-annotations\1.14\animal-sniffer-annotations-1.14.jar;E:\1704A\hdServiceCode\nm-framework-utils\target\nm-framework-utils.jar;E:\1704A\repository\javax\servlet\javax.servlet-api\3.1.0\javax.servlet-api-3.1.0.jar;E:\1704A\repository\org\springframework\boot\spring-boot-starter-logging\2.0.1.RELEASE\spring-boot-starter-logging-2.0.1.RELEASE.jar;E:\1704A\repository\ch\qos\logback\logback-classic\1.2.3\logback-classic-1.2.3.jar;E:\1704A\repository\ch\qos\logback\logback-core\1.2.3\logback-core-1.2.3.jar;E:\1704A\repository\org\apache\logging\log4j\log4j-to-slf4j\2.10.0\log4j-to-slf4j-2.10.0.jar;E:\1704A\repository\org\apache\logging\log4j\log4j-api\2.10.0\log4j-api-2.10.0.jar;E:\1704A\repository\org\slf4j\jul-to-slf4j\1.7.25\jul-to-slf4j-1.7.25.jar;E:\1704A\repository\org\apache\httpcomponents\httpclient\4.5.5\httpclient-4.5.5.jar;E:\1704A\repository\org\apache\httpcomponents\httpcore\4.4.9\httpcore-4.4.9.jar;E:\1704A\repository\commons-codec\commons-codec\1.10\commons-codec-1.10.jar;E:\1704A\repository\net\lingala\zip4j\zip4j\1.3.1\zip4j-1.3.1.jar;E:\1704A\repository\org\springframework\security\spring-security-crypto\5.0.4.RELEASE\spring-security-crypto-5.0.4.RELEASE.jar;E:\1704A\repository\org\springframework\security\spring-security-jwt\1.0.8.RELEASE\spring-security-jwt-1.0.8.RELEASE.jar;E:\1704A\repository\org\bouncycastle\bcpkix-jdk15on\1.56\bcpkix-jdk15on-1.56.jar;E:\1704A\repository\org\bouncycastle\bcprov-jdk15on\1.56\bcprov-jdk15on-1.56.jar;E:\1704A\hdServiceCode\nm-framework-common\target\nm-framework-common.jar;E:\1704A\repository\org\springframework\spring-web\5.0.5.RELEASE\spring-web-5.0.5.RELEASE.jar;E:\1704A\repository\org\springframework\boot\spring-boot-starter-web\2.0.1.RELEASE\spring-boot-starter-web-2.0.1.RELEASE.jar;E:\1704A\repository\org\springframework\boot\spring-boot-starter-json\2.0.1.RELEASE\spring-boot-starter-json-2.0.1.RELEASE.jar;E:\1704A\repository\com\fasterxml\jackson\core\jackson-databind\2.9.5\jackson-databind-2.9.5.jar;E:\1704A\repository\com\fasterxml\jackson\datatype\jackson-datatype-jdk8\2.9.5\jackson-datatype-jdk8-2.9.5.jar;E:\1704A\repository\com\fasterxml\jackson\datatype\jackson-datatype-jsr310\2.9.5\jackson-datatype-jsr310-2.9.5.jar;E:\1704A\repository\com\fasterxml\jackson\module\jackson-module-parameter-names\2.9.5\jackson-module-parameter-names-2.9.5.jar;E:\1704A\repository\org\springframework\boot\spring-boot-starter-tomcat\2.0.1.RELEASE\spring-boot-starter-tomcat-2.0.1.RELEASE.jar;E:\1704A\repository\org\apache\tomcat\embed\tomcat-embed-core\8.5.28\tomcat-embed-core-8.5.28.jar;E:\1704A\repository\org\apache\tomcat\embed\tomcat-embed-el\8.5.28\tomcat-embed-el-8.5.28.jar;E:\1704A\repository\org\apache\tomcat\embed\tomcat-embed-websocket\8.5.28\tomcat-embed-websocket-8.5.28.jar;E:\1704A\repository\org\hibernate\validator\hibernate-validator\6.0.9.Final\hibernate-validator-6.0.9.Final.jar;E:\1704A\repository\javax\validation\validation-api\2.0.1.Final\validation-api-2.0.1.Final.jar;E:\1704A\repository\org\springframework\spring-webmvc\5.0.5.RELEASE\spring-webmvc-5.0.5.RELEASE.jar;E:\1704A\repository\org\springframework\spring-aop\5.0.5.RELEASE\spring-aop-5.0.5.RELEASE.jar;E:\1704A\repository\mysql\mysql-connector-java\5.1.40\mysql-connector-java-5.1.40.jar;E:\1704A\repository\com\alibaba\druid-spring-boot-starter\1.1.10\druid-spring-boot-starter-1.1.10.jar;E:\1704A\repository\com\alibaba\druid\1.1.6\druid-1.1.6.jar;E:\1704A\repository\org\slf4j\slf4j-api\1.7.25\slf4j-api-1.7.25.jar;E:\1704A\repository\org\springframework\boot\spring-boot-autoconfigure\2.0.1.RELEASE\spring-boot-autoconfigure-2.0.1.RELEASE.jar;E:\1704A\repository\org\mybatis\spring\boot\mybatis-spring-boot-starter\1.3.1\mybatis-spring-boot-starter-1.3.1.jar;E:\1704A\repository\org\springframework\boot\spring-boot-starter-jdbc\2.0.1.RELEASE\spring-boot-starter-jdbc-2.0.1.RELEASE.jar;E:\1704A\repository\com\zaxxer\HikariCP\2.7.8\HikariCP-2.7.8.jar;E:\1704A\repository\org\mybatis\spring\boot\mybatis-spring-boot-autoconfigure\1.3.1\mybatis-spring-boot-autoconfigure-1.3.1.jar;E:\1704A\repository\org\mybatis\mybatis\3.4.5\mybatis-3.4.5.jar;E:\1704A\repository\org\mybatis\mybatis-spring\1.3.1\mybatis-spring-1.3.1.jar;E:\1704A\repository\org\springframework\spring-orm\5.0.5.RELEASE\spring-orm-5.0.5.RELEASE.jar;E:\1704A\repository\org\springframework\spring-beans\5.0.5.RELEASE\spring-beans-5.0.5.RELEASE.jar;E:\1704A\repository\org\springframework\spring-core\5.0.5.RELEASE\spring-core-5.0.5.RELEASE.jar;E:\1704A\repository\org\springframework\spring-jcl\5.0.5.RELEASE\spring-jcl-5.0.5.RELEASE.jar;E:\1704A\repository\org\springframework\spring-jdbc\5.0.5.RELEASE\spring-jdbc-5.0.5.RELEASE.jar;E:\1704A\repository\org\springframework\spring-tx\5.0.5.RELEASE\spring-tx-5.0.5.RELEASE.jar;E:\1704A\repository\org\springframework\boot\spring-boot-starter-data-jpa\2.0.1.RELEASE\spring-boot-starter-data-jpa-2.0.1.RELEASE.jar;E:\1704A\repository\org\springframework\boot\spring-boot-starter-aop\2.0.1.RELEASE\spring-boot-starter-aop-2.0.1.RELEASE.jar;E:\1704A\repository\org\aspectj\aspectjweaver\1.8.13\aspectjweaver-1.8.13.jar;E:\1704A\repository\javax\transaction\javax.transaction-api\1.2\javax.transaction-api-1.2.jar;E:\1704A\repository\org\springframework\data\spring-data-jpa\2.0.6.RELEASE\spring-data-jpa-2.0.6.RELEASE.jar;E:\1704A\repository\org\springframework\spring-aspects\5.0.5.RELEASE\spring-aspects-5.0.5.RELEASE.jar;E:\1704A\repository\com\squareup\okhttp3\okhttp\3.9.1\okhttp-3.9.1.jar;E:\1704A\repository\com\squareup\okio\okio\1.13.0\okio-1.13.0.jar;E:\1704A\repository\com\alibaba\fastjson\1.2.30\fastjson-1.2.30.jar;E:\1704A\repository\commons-io\commons-io\2.6\commons-io-2.6.jar;E:\1704A\repository\org\apache\commons\commons-lang3\3.6\commons-lang3-3.6.jar;E:\1704A\repository\org\springframework\boot\spring-boot-starter-test\2.0.1.RELEASE\spring-boot-starter-test-2.0.1.RELEASE.jar;E:\1704A\repository\org\springframework\boot\spring-boot-test\2.0.1.RELEASE\spring-boot-test-2.0.1.RELEASE.jar;E:\1704A\repository\org\springframework\boot\spring-boot-test-autoconfigure\2.0.1.RELEASE\spring-boot-test-autoconfigure-2.0.1.RELEASE.jar;E:\1704A\repository\com\jayway\jsonpath\json-path\2.4.0\json-path-2.4.0.jar;E:\1704A\repository\net\minidev\json-smart\2.3\json-smart-2.3.jar;E:\1704A\repository\net\minidev\accessors-smart\1.2\accessors-smart-1.2.jar;E:\1704A\repository\org\ow2\asm\asm\5.0.4\asm-5.0.4.jar;E:\1704A\repository\junit\junit\4.12\junit-4.12.jar;E:\1704A\repository\org\assertj\assertj-core\3.9.1\assertj-core-3.9.1.jar;E:\1704A\repository\org\mockito\mockito-core\2.15.0\mockito-core-2.15.0.jar;E:\1704A\repository\net\bytebuddy\byte-buddy\1.7.11\byte-buddy-1.7.11.jar;E:\1704A\repository\net\bytebuddy\byte-buddy-agent\1.7.11\byte-buddy-agent-1.7.11.jar;E:\1704A\repository\org\objenesis\objenesis\2.6\objenesis-2.6.jar;E:\1704A\repository\org\hamcrest\hamcrest-core\1.3\hamcrest-core-1.3.jar;E:\1704A\repository\org\hamcrest\hamcrest-library\1.3\hamcrest-library-1.3.jar;E:\1704A\repository\org\skyscreamer\jsonassert\1.5.0\jsonassert-1.5.0.jar;E:\1704A\repository\com\vaadin\external\google\android-json\0.0.20131108.vaadin1\android-json-0.0.20131108.vaadin1.jar;E:\1704A\repository\org\springframework\spring-test\5.0.5.RELEASE\spring-test-5.0.5.RELEASE.jar;E:\1704A\repository\org\xmlunit\xmlunit-core\2.5.1\xmlunit-core-2.5.1.jar;E:\1704A\repository\org\springframework\cloud\spring-cloud-starter-netflix-eureka-client\2.0.1.RELEASE\spring-cloud-starter-netflix-eureka-client-2.0.1.RELEASE.jar;E:\1704A\repository\org\springframework\cloud\spring-cloud-starter\2.0.1.RELEASE\spring-cloud-starter-2.0.1.RELEASE.jar;E:\1704A\repository\org\springframework\cloud\spring-cloud-context\2.0.1.RELEASE\spring-cloud-context-2.0.1.RELEASE.jar;E:\1704A\repository\org\springframework\security\spring-security-rsa\1.0.5.RELEASE\spring-security-rsa-1.0.5.RELEASE.jar;E:\1704A\repository\org\springframework\cloud\spring-cloud-netflix-core\2.0.1.RELEASE\spring-cloud-netflix-core-2.0.1.RELEASE.jar;E:\1704A\repository\org\springframework\cloud\spring-cloud-netflix-eureka-client\2.0.1.RELEASE\spring-cloud-netflix-eureka-client-2.0.1.RELEASE.jar;E:\1704A\repository\com\netflix\eureka\eureka-client\1.9.3\eureka-client-1.9.3.jar;E:\1704A\repository\org\codehaus\jettison\jettison\1.3.7\jettison-1.3.7.jar;E:\1704A\repository\stax\stax-api\1.0.1\stax-api-1.0.1.jar;E:\1704A\repository\com\netflix\netflix-commons\netflix-eventbus\0.3.0\netflix-eventbus-0.3.0.jar;E:\1704A\repository\com\netflix\netflix-commons\netflix-infix\0.3.0\netflix-infix-0.3.0.jar;E:\1704A\repository\commons-jxpath\commons-jxpath\1.3\commons-jxpath-1.3.jar;E:\1704A\repository\joda-time\joda-time\2.9.9\joda-time-2.9.9.jar;E:\1704A\repository\org\antlr\antlr-runtime\3.4\antlr-runtime-3.4.jar;E:\1704A\repository\org\antlr\stringtemplate\3.2.1\stringtemplate-3.2.1.jar;E:\1704A\repository\com\google\code\gson\gson\2.8.2\gson-2.8.2.jar;E:\1704A\repository\org\apache\commons\commons-math\2.2\commons-math-2.2.jar;E:\1704A\repository\com\netflix\archaius\archaius-core\0.7.6\archaius-core-0.7.6.jar;E:\1704A\repository\javax\ws\rs\jsr311-api\1.1.1\jsr311-api-1.1.1.jar;E:\1704A\repository\com\netflix\servo\servo-core\0.12.21\servo-core-0.12.21.jar;E:\1704A\repository\com\sun\jersey\jersey-core\1.19.1\jersey-core-1.19.1.jar;E:\1704A\repository\com\sun\jersey\jersey-client\1.19.1\jersey-client-1.19.1.jar;E:\1704A\repository\com\sun\jersey\contribs\jersey-apache-client4\1.19.1\jersey-apache-client4-1.19.1.jar;E:\1704A\repository\com\google\inject\guice\4.1.0\guice-4.1.0.jar;E:\1704A\repository\javax\inject\javax.inject\1\javax.inject-1.jar;E:\1704A\repository\aopalliance\aopalliance\1.0\aopalliance-1.0.jar;E:\1704A\repository\com\github\vlsi\compactmap\compactmap\1.2.1\compactmap-1.2.1.jar;E:\1704A\repository\com\github\andrewoma\dexx\dexx-collections\0.2\dexx-collections-0.2.jar;E:\1704A\repository\com\fasterxml\jackson\core\jackson-annotations\2.9.0\jackson-annotations-2.9.0.jar;E:\1704A\repository\com\fasterxml\jackson\core\jackson-core\2.9.5\jackson-core-2.9.5.jar;E:\1704A\repository\com\netflix\eureka\eureka-core\1.9.3\eureka-core-1.9.3.jar;E:\1704A\repository\org\codehaus\woodstox\woodstox-core-asl\4.4.1\woodstox-core-asl-4.4.1.jar;E:\1704A\repository\javax\xml\stream\stax-api\1.0-2\stax-api-1.0-2.jar;E:\1704A\repository\org\codehaus\woodstox\stax2-api\3.1.4\stax2-api-3.1.4.jar;E:\1704A\repository\org\springframework\cloud\spring-cloud-starter-netflix-archaius\2.0.1.RELEASE\spring-cloud-starter-netflix-archaius-2.0.1.RELEASE.jar;E:\1704A\repository\org\springframework\cloud\spring-cloud-netflix-ribbon\2.0.1.RELEASE\spring-cloud-netflix-ribbon-2.0.1.RELEASE.jar;E:\1704A\repository\org\springframework\cloud\spring-cloud-netflix-archaius\2.0.1.RELEASE\spring-cloud-netflix-archaius-2.0.1.RELEASE.jar;E:\1704A\repository\commons-configuration\commons-configuration\1.8\commons-configuration-1.8.jar;E:\1704A\repository\commons-lang\commons-lang\2.6\commons-lang-2.6.jar;E:\1704A\repository\org\springframework\cloud\spring-cloud-starter-netflix-ribbon\2.0.1.RELEASE\spring-cloud-starter-netflix-ribbon-2.0.1.RELEASE.jar;E:\1704A\repository\com\netflix\ribbon\ribbon\2.2.5\ribbon-2.2.5.jar;E:\1704A\repository\com\netflix\ribbon\ribbon-transport\2.2.5\ribbon-transport-2.2.5.jar;E:\1704A\repository\io\reactivex\rxnetty-contexts\0.4.9\rxnetty-contexts-0.4.9.jar;E:\1704A\repository\io\reactivex\rxnetty-servo\0.4.9\rxnetty-servo-0.4.9.jar;E:\1704A\repository\io\reactivex\rxnetty\0.4.9\rxnetty-0.4.9.jar;E:\1704A\repository\io\netty\netty-codec-http\4.1.23.Final\netty-codec-http-4.1.23.Final.jar;E:\1704A\repository\io\netty\netty-codec\4.1.23.Final\netty-codec-4.1.23.Final.jar;E:\1704A\repository\io\netty\netty-transport-native-epoll\4.1.23.Final\netty-transport-native-epoll-4.1.23.Final.jar;E:\1704A\repository\io\netty\netty-common\4.1.23.Final\netty-common-4.1.23.Final.jar;E:\1704A\repository\io\netty\netty-buffer\4.1.23.Final\netty-buffer-4.1.23.Final.jar;E:\1704A\repository\io\netty\netty-transport-native-unix-common\4.1.23.Final\netty-transport-native-unix-common-4.1.23.Final.jar;E:\1704A\repository\io\netty\netty-transport\4.1.23.Final\netty-transport-4.1.23.Final.jar;E:\1704A\repository\io\netty\netty-resolver\4.1.23.Final\netty-resolver-4.1.23.Final.jar;E:\1704A\repository\com\netflix\ribbon\ribbon-core\2.2.5\ribbon-core-2.2.5.jar;E:\1704A\repository\com\netflix\ribbon\ribbon-httpclient\2.2.5\ribbon-httpclient-2.2.5.jar;E:\1704A\repository\commons-collections\commons-collections\3.2.2\commons-collections-3.2.2.jar;E:\1704A\repository\com\netflix\netflix-commons\netflix-commons-util\0.3.0\netflix-commons-util-0.3.0.jar;E:\1704A\repository\com\netflix\ribbon\ribbon-loadbalancer\2.2.5\ribbon-loadbalancer-2.2.5.jar;E:\1704A\repository\com\netflix\netflix-commons\netflix-statistics\0.1.1\netflix-statistics-0.1.1.jar;E:\1704A\repository\io\reactivex\rxjava\1.3.8\rxjava-1.3.8.jar;E:\1704A\repository\com\netflix\ribbon\ribbon-eureka\2.2.5\ribbon-eureka-2.2.5.jar;E:\1704A\repository\com\thoughtworks\xstream\xstream\1.4.10\xstream-1.4.10.jar;E:\1704A\repository\xmlpull\xmlpull\1.1.3.1\xmlpull-1.1.3.1.jar;E:\1704A\repository\xpp3\xpp3_min\1.1.4c\xpp3_min-1.1.4c.jar;E:\1704A\repository\org\springframework\cloud\spring-cloud-starter-openfeign\2.0.1.RELEASE\spring-cloud-starter-openfeign-2.0.1.RELEASE.jar;E:\1704A\repository\org\springframework\cloud\spring-cloud-openfeign-core\2.0.1.RELEASE\spring-cloud-openfeign-core-2.0.1.RELEASE.jar;E:\1704A\repository\org\springframework\cloud\spring-cloud-commons\2.0.1.RELEASE\spring-cloud-commons-2.0.1.RELEASE.jar;E:\1704A\repository\io\github\openfeign\feign-core\9.5.1\feign-core-9.5.1.jar;E:\1704A\repository\io\github\openfeign\feign-slf4j\9.5.1\feign-slf4j-9.5.1.jar;E:\1704A\repository\io\github\openfeign\feign-hystrix\9.5.1\feign-hystrix-9.5.1.jar;E:\1704A\repository\com\netflix\hystrix\hystrix-core\1.5.12\hystrix-core-1.5.12.jar;E:\1704A\repository\org\hdrhistogram\HdrHistogram\2.1.9\HdrHistogram-2.1.9.jar;E:\1704A\repository\io\github\openfeign\feign-java8\9.5.1\feign-java8-9.5.1.jar;E:\1704A\repository\com\netflix\feign\feign-okhttp\8.18.0\feign-okhttp-8.18.0.jar;E:\1704A\repository\com\netflix\feign\feign-core\8.18.0\feign-core-8.18.0.jar;E:\1704A\repository\org\jvnet\animal-sniffer-annotation\1.0\animal-sniffer-annotation-1.0.jar;, java.specification.name=Java Platform API Specification, java.class.version=52.0, sun.management.compiler=HotSpot 64-Bit Tiered Compilers, maven.repo.local=E:\1704A\repository, os.version=10.0, user.home=C:\Users\wangb, user.timezone=Asia/Shanghai, java.awt.printerjob=sun.awt.windows.WPrinterJob, @appId=nm-service-manage-course, file.encoding=GBK, java.specification.version=1.8, java.class.path=E:\1704A\hdServiceCode\nm-service-manage-course\target\test-classes;E:\1704A\hdServiceCode\nm-service-manage-course\target\classes;E:\1704A\repository\com\github\pagehelper\pagehelper-spring-boot-starter\1.2.4\pagehelper-spring-boot-starter-1.2.4.jar;E:\1704A\repository\org\springframework\boot\spring-boot-starter\2.0.1.RELEASE\spring-boot-starter-2.0.1.RELEASE.jar;E:\1704A\repository\org\springframework\boot\spring-boot\2.0.1.RELEASE\spring-boot-2.0.1.RELEASE.jar;E:\1704A\repository\javax\annotation\javax.annotation-api\1.3.2\javax.annotation-api-1.3.2.jar;E:\1704A\repository\org\yaml\snakeyaml\1.19\snakeyaml-1.19.jar;E:\1704A\repository\com\github\pagehelper\pagehelper-spring-boot-autoconfigure\1.2.4\pagehelper-spring-boot-autoconfigure-1.2.4.jar;E:\1704A\repository\com\github\pagehelper\pagehelper\5.1.3\pagehelper-5.1.3.jar;E:\1704A\repository\com\github\jsqlparser\jsqlparser\1.0\jsqlparser-1.0.jar;E:\1704A\hdServiceCode\nm-service-api\target\nm-service-api.jar;E:\1704A\repository\commons-fileupload\commons-fileupload\1.3.3\commons-fileupload-1.3.3.jar;E:\1704A\repository\io\springfox\springfox-swagger2\2.7.0\springfox-swagger2-2.7.0.jar;E:\1704A\repository\io\swagger\swagger-annotations\1.5.13\swagger-annotations-1.5.13.jar;E:\1704A\repository\io\swagger\swagger-models\1.5.13\swagger-models-1.5.13.jar;E:\1704A\repository\io\springfox\springfox-spi\2.7.0\springfox-spi-2.7.0.jar;E:\1704A\repository\io\springfox\springfox-core\2.7.0\springfox-core-2.7.0.jar;E:\1704A\repository\io\springfox\springfox-schema\2.7.0\springfox-schema-2.7.0.jar;E:\1704A\repository\io\springfox\springfox-swagger-common\2.7.0\springfox-swagger-common-2.7.0.jar;E:\1704A\repository\io\springfox\springfox-spring-web\2.7.0\springfox-spring-web-2.7.0.jar;E:\1704A\repository\org\reflections\reflections\0.9.11\reflections-0.9.11.jar;E:\1704A\repository\com\fasterxml\classmate\1.3.4\classmate-1.3.4.jar;E:\1704A\repository\org\springframework\plugin\spring-plugin-core\1.2.0.RELEASE\spring-plugin-core-1.2.0.RELEASE.jar;E:\1704A\repository\org\springframework\plugin\spring-plugin-metadata\1.2.0.RELEASE\spring-plugin-metadata-1.2.0.RELEASE.jar;E:\1704A\repository\org\mapstruct\mapstruct\1.1.0.Final\mapstruct-1.1.0.Final.jar;E:\1704A\repository\io\springfox\springfox-swagger-ui\2.7.0\springfox-swagger-ui-2.7.0.jar;E:\1704A\hdServiceCode\nm-framework-model\target\nm-framework-model.jar;E:\1704A\repository\org\projectlombok\lombok\1.16.16\lombok-1.16.16.jar;E:\1704A\repository\org\springframework\data\spring-data-commons\2.0.6.RELEASE\spring-data-commons-2.0.6.RELEASE.jar;E:\1704A\repository\org\springframework\data\spring-data-mongodb\2.0.6.RELEASE\spring-data-mongodb-2.0.6.RELEASE.jar;E:\1704A\repository\org\springframework\spring-context\5.0.5.RELEASE\spring-context-5.0.5.RELEASE.jar;E:\1704A\repository\org\springframework\spring-expression\5.0.5.RELEASE\spring-expression-5.0.5.RELEASE.jar;E:\1704A\repository\org\mongodb\mongo-java-driver\3.6.3\mongo-java-driver-3.6.3.jar;E:\1704A\repository\org\hibernate\hibernate-core\5.2.16.Final\hibernate-core-5.2.16.Final.jar;E:\1704A\repository\org\jboss\logging\jboss-logging\3.3.2.Final\jboss-logging-3.3.2.Final.jar;E:\1704A\repository\org\hibernate\javax\persistence\hibernate-jpa-2.1-api\1.0.0.Final\hibernate-jpa-2.1-api-1.0.0.Final.jar;E:\1704A\repository\org\javassist\javassist\3.22.0-GA\javassist-3.22.0-GA.jar;E:\1704A\repository\antlr\antlr\2.7.7\antlr-2.7.7.jar;E:\1704A\repository\org\jboss\spec\javax\transaction\jboss-transaction-api_1.2_spec\1.0.1.Final\jboss-transaction-api_1.2_spec-1.0.1.Final.jar;E:\1704A\repository\org\jboss\jandex\2.0.3.Final\jandex-2.0.3.Final.jar;E:\1704A\repository\dom4j\dom4j\1.6.1\dom4j-1.6.1.jar;E:\1704A\repository\org\hibernate\common\hibernate-commons-annotations\5.0.1.Final\hibernate-commons-annotations-5.0.1.Final.jar;E:\1704A\repository\com\google\guava\guava\24.0-jre\guava-24.0-jre.jar;E:\1704A\repository\com\google\code\findbugs\jsr305\1.3.9\jsr305-1.3.9.jar;E:\1704A\repository\org\checkerframework\checker-compat-qual\2.0.0\checker-compat-qual-2.0.0.jar;E:\1704A\repository\com\google\errorprone\error_prone_annotations\2.1.3\error_prone_annotations-2.1.3.jar;E:\1704A\repository\com\google\j2objc\j2objc-annotations\1.1\j2objc-annotations-1.1.jar;E:\1704A\repository\org\codehaus\mojo\animal-sniffer-annotations\1.14\animal-sniffer-annotations-1.14.jar;E:\1704A\hdServiceCode\nm-framework-utils\target\nm-framework-utils.jar;E:\1704A\repository\javax\servlet\javax.servlet-api\3.1.0\javax.servlet-api-3.1.0.jar;E:\1704A\repository\org\springframework\boot\spring-boot-starter-logging\2.0.1.RELEASE\spring-boot-starter-logging-2.0.1.RELEASE.jar;E:\1704A\repository\ch\qos\logback\logback-classic\1.2.3\logback-classic-1.2.3.jar;E:\1704A\repository\ch\qos\logback\logback-core\1.2.3\logback-core-1.2.3.jar;E:\1704A\repository\org\apache\logging\log4j\log4j-to-slf4j\2.10.0\log4j-to-slf4j-2.10.0.jar;E:\1704A\repository\org\apache\logging\log4j\log4j-api\2.10.0\log4j-api-2.10.0.jar;E:\1704A\repository\org\slf4j\jul-to-slf4j\1.7.25\jul-to-slf4j-1.7.25.jar;E:\1704A\repository\org\apache\httpcomponents\httpclient\4.5.5\httpclient-4.5.5.jar;E:\1704A\repository\org\apache\httpcomponents\httpcore\4.4.9\httpcore-4.4.9.jar;E:\1704A\repository\commons-codec\commons-codec\1.10\commons-codec-1.10.jar;E:\1704A\repository\net\lingala\zip4j\zip4j\1.3.1\zip4j-1.3.1.jar;E:\1704A\repository\org\springframework\security\spring-security-crypto\5.0.4.RELEASE\spring-security-crypto-5.0.4.RELEASE.jar;E:\1704A\repository\org\springframework\security\spring-security-jwt\1.0.8.RELEASE\spring-security-jwt-1.0.8.RELEASE.jar;E:\1704A\repository\org\bouncycastle\bcpkix-jdk15on\1.56\bcpkix-jdk15on-1.56.jar;E:\1704A\repository\org\bouncycastle\bcprov-jdk15on\1.56\bcprov-jdk15on-1.56.jar;E:\1704A\hdServiceCode\nm-framework-common\target\nm-framework-common.jar;E:\1704A\repository\org\springframework\spring-web\5.0.5.RELEASE\spring-web-5.0.5.RELEASE.jar;E:\1704A\repository\org\springframework\boot\spring-boot-starter-web\2.0.1.RELEASE\spring-boot-starter-web-2.0.1.RELEASE.jar;E:\1704A\repository\org\springframework\boot\spring-boot-starter-json\2.0.1.RELEASE\spring-boot-starter-json-2.0.1.RELEASE.jar;E:\1704A\repository\com\fasterxml\jackson\core\jackson-databind\2.9.5\jackson-databind-2.9.5.jar;E:\1704A\repository\com\fasterxml\jackson\datatype\jackson-datatype-jdk8\2.9.5\jackson-datatype-jdk8-2.9.5.jar;E:\1704A\repository\com\fasterxml\jackson\datatype\jackson-datatype-jsr310\2.9.5\jackson-datatype-jsr310-2.9.5.jar;E:\1704A\repository\com\fasterxml\jackson\module\jackson-module-parameter-names\2.9.5\jackson-module-parameter-names-2.9.5.jar;E:\1704A\repository\org\springframework\boot\spring-boot-starter-tomcat\2.0.1.RELEASE\spring-boot-starter-tomcat-2.0.1.RELEASE.jar;E:\1704A\repository\org\apache\tomcat\embed\tomcat-embed-core\8.5.28\tomcat-embed-core-8.5.28.jar;E:\1704A\repository\org\apache\tomcat\embed\tomcat-embed-el\8.5.28\tomcat-embed-el-8.5.28.jar;E:\1704A\repository\org\apache\tomcat\embed\tomcat-embed-websocket\8.5.28\tomcat-embed-websocket-8.5.28.jar;E:\1704A\repository\org\hibernate\validator\hibernate-validator\6.0.9.Final\hibernate-validator-6.0.9.Final.jar;E:\1704A\repository\javax\validation\validation-api\2.0.1.Final\validation-api-2.0.1.Final.jar;E:\1704A\repository\org\springframework\spring-webmvc\5.0.5.RELEASE\spring-webmvc-5.0.5.RELEASE.jar;E:\1704A\repository\org\springframework\spring-aop\5.0.5.RELEASE\spring-aop-5.0.5.RELEASE.jar;E:\1704A\repository\mysql\mysql-connector-java\5.1.40\mysql-connector-java-5.1.40.jar;E:\1704A\repository\com\alibaba\druid-spring-boot-starter\1.1.10\druid-spring-boot-starter-1.1.10.jar;E:\1704A\repository\com\alibaba\druid\1.1.6\druid-1.1.6.jar;E:\1704A\repository\org\slf4j\slf4j-api\1.7.25\slf4j-api-1.7.25.jar;E:\1704A\repository\org\springframework\boot\spring-boot-autoconfigure\2.0.1.RELEASE\spring-boot-autoconfigure-2.0.1.RELEASE.jar;E:\1704A\repository\org\mybatis\spring\boot\mybatis-spring-boot-starter\1.3.1\mybatis-spring-boot-starter-1.3.1.jar;E:\1704A\repository\org\springframework\boot\spring-boot-starter-jdbc\2.0.1.RELEASE\spring-boot-starter-jdbc-2.0.1.RELEASE.jar;E:\1704A\repository\com\zaxxer\HikariCP\2.7.8\HikariCP-2.7.8.jar;E:\1704A\repository\org\mybatis\spring\boot\mybatis-spring-boot-autoconfigure\1.3.1\mybatis-spring-boot-autoconfigure-1.3.1.jar;E:\1704A\repository\org\mybatis\mybatis\3.4.5\mybatis-3.4.5.jar;E:\1704A\repository\org\mybatis\mybatis-spring\1.3.1\mybatis-spring-1.3.1.jar;E:\1704A\repository\org\springframework\spring-orm\5.0.5.RELEASE\spring-orm-5.0.5.RELEASE.jar;E:\1704A\repository\org\springframework\spring-beans\5.0.5.RELEASE\spring-beans-5.0.5.RELEASE.jar;E:\1704A\repository\org\springframework\spring-core\5.0.5.RELEASE\spring-core-5.0.5.RELEASE.jar;E:\1704A\repository\org\springframework\spring-jcl\5.0.5.RELEASE\spring-jcl-5.0.5.RELEASE.jar;E:\1704A\repository\org\springframework\spring-jdbc\5.0.5.RELEASE\spring-jdbc-5.0.5.RELEASE.jar;E:\1704A\repository\org\springframework\spring-tx\5.0.5.RELEASE\spring-tx-5.0.5.RELEASE.jar;E:\1704A\repository\org\springframework\boot\spring-boot-starter-data-jpa\2.0.1.RELEASE\spring-boot-starter-data-jpa-2.0.1.RELEASE.jar;E:\1704A\repository\org\springframework\boot\spring-boot-starter-aop\2.0.1.RELEASE\spring-boot-starter-aop-2.0.1.RELEASE.jar;E:\1704A\repository\org\aspectj\aspectjweaver\1.8.13\aspectjweaver-1.8.13.jar;E:\1704A\repository\javax\transaction\javax.transaction-api\1.2\javax.transaction-api-1.2.jar;E:\1704A\repository\org\springframework\data\spring-data-jpa\2.0.6.RELEASE\spring-data-jpa-2.0.6.RELEASE.jar;E:\1704A\repository\org\springframework\spring-aspects\5.0.5.RELEASE\spring-aspects-5.0.5.RELEASE.jar;E:\1704A\repository\com\squareup\okhttp3\okhttp\3.9.1\okhttp-3.9.1.jar;E:\1704A\repository\com\squareup\okio\okio\1.13.0\okio-1.13.0.jar;E:\1704A\repository\com\alibaba\fastjson\1.2.30\fastjson-1.2.30.jar;E:\1704A\repository\commons-io\commons-io\2.6\commons-io-2.6.jar;E:\1704A\repository\org\apache\commons\commons-lang3\3.6\commons-lang3-3.6.jar;E:\1704A\repository\org\springframework\boot\spring-boot-starter-test\2.0.1.RELEASE\spring-boot-starter-test-2.0.1.RELEASE.jar;E:\1704A\repository\org\springframework\boot\spring-boot-test\2.0.1.RELEASE\spring-boot-test-2.0.1.RELEASE.jar;E:\1704A\repository\org\springframework\boot\spring-boot-test-autoconfigure\2.0.1.RELEASE\spring-boot-test-autoconfigure-2.0.1.RELEASE.jar;E:\1704A\repository\com\jayway\jsonpath\json-path\2.4.0\json-path-2.4.0.jar;E:\1704A\repository\net\minidev\json-smart\2.3\json-smart-2.3.jar;E:\1704A\repository\net\minidev\accessors-smart\1.2\accessors-smart-1.2.jar;E:\1704A\repository\org\ow2\asm\asm\5.0.4\asm-5.0.4.jar;E:\1704A\repository\junit\junit\4.12\junit-4.12.jar;E:\1704A\repository\org\assertj\assertj-core\3.9.1\assertj-core-3.9.1.jar;E:\1704A\repository\org\mockito\mockito-core\2.15.0\mockito-core-2.15.0.jar;E:\1704A\repository\net\bytebuddy\byte-buddy\1.7.11\byte-buddy-1.7.11.jar;E:\1704A\repository\net\bytebuddy\byte-buddy-agent\1.7.11\byte-buddy-agent-1.7.11.jar;E:\1704A\repository\org\objenesis\objenesis\2.6\objenesis-2.6.jar;E:\1704A\repository\org\hamcrest\hamcrest-core\1.3\hamcrest-core-1.3.jar;E:\1704A\repository\org\hamcrest\hamcrest-library\1.3\hamcrest-library-1.3.jar;E:\1704A\repository\org\skyscreamer\jsonassert\1.5.0\jsonassert-1.5.0.jar;E:\1704A\repository\com\vaadin\external\google\android-json\0.0.20131108.vaadin1\android-json-0.0.20131108.vaadin1.jar;E:\1704A\repository\org\springframework\spring-test\5.0.5.RELEASE\spring-test-5.0.5.RELEASE.jar;E:\1704A\repository\org\xmlunit\xmlunit-core\2.5.1\xmlunit-core-2.5.1.jar;E:\1704A\repository\org\springframework\cloud\spring-cloud-starter-netflix-eureka-client\2.0.1.RELEASE\spring-cloud-starter-netflix-eureka-client-2.0.1.RELEASE.jar;E:\1704A\repository\org\springframework\cloud\spring-cloud-starter\2.0.1.RELEASE\spring-cloud-starter-2.0.1.RELEASE.jar;E:\1704A\repository\org\springframework\cloud\spring-cloud-context\2.0.1.RELEASE\spring-cloud-context-2.0.1.RELEASE.jar;E:\1704A\repository\org\springframework\security\spring-security-rsa\1.0.5.RELEASE\spring-security-rsa-1.0.5.RELEASE.jar;E:\1704A\repository\org\springframework\cloud\spring-cloud-netflix-core\2.0.1.RELEASE\spring-cloud-netflix-core-2.0.1.RELEASE.jar;E:\1704A\repository\org\springframework\cloud\spring-cloud-netflix-eureka-client\2.0.1.RELEASE\spring-cloud-netflix-eureka-client-2.0.1.RELEASE.jar;E:\1704A\repository\com\netflix\eureka\eureka-client\1.9.3\eureka-client-1.9.3.jar;E:\1704A\repository\org\codehaus\jettison\jettison\1.3.7\jettison-1.3.7.jar;E:\1704A\repository\stax\stax-api\1.0.1\stax-api-1.0.1.jar;E:\1704A\repository\com\netflix\netflix-commons\netflix-eventbus\0.3.0\netflix-eventbus-0.3.0.jar;E:\1704A\repository\com\netflix\netflix-commons\netflix-infix\0.3.0\netflix-infix-0.3.0.jar;E:\1704A\repository\commons-jxpath\commons-jxpath\1.3\commons-jxpath-1.3.jar;E:\1704A\repository\joda-time\joda-time\2.9.9\joda-time-2.9.9.jar;E:\1704A\repository\org\antlr\antlr-runtime\3.4\antlr-runtime-3.4.jar;E:\1704A\repository\org\antlr\stringtemplate\3.2.1\stringtemplate-3.2.1.jar;E:\1704A\repository\com\google\code\gson\gson\2.8.2\gson-2.8.2.jar;E:\1704A\repository\org\apache\commons\commons-math\2.2\commons-math-2.2.jar;E:\1704A\repository\com\netflix\archaius\archaius-core\0.7.6\archaius-core-0.7.6.jar;E:\1704A\repository\javax\ws\rs\jsr311-api\1.1.1\jsr311-api-1.1.1.jar;E:\1704A\repository\com\netflix\servo\servo-core\0.12.21\servo-core-0.12.21.jar;E:\1704A\repository\com\sun\jersey\jersey-core\1.19.1\jersey-core-1.19.1.jar;E:\1704A\repository\com\sun\jersey\jersey-client\1.19.1\jersey-client-1.19.1.jar;E:\1704A\repository\com\sun\jersey\contribs\jersey-apache-client4\1.19.1\jersey-apache-client4-1.19.1.jar;E:\1704A\repository\com\google\inject\guice\4.1.0\guice-4.1.0.jar;E:\1704A\repository\javax\inject\javax.inject\1\javax.inject-1.jar;E:\1704A\repository\aopalliance\aopalliance\1.0\aopalliance-1.0.jar;E:\1704A\repository\com\github\vlsi\compactmap\compactmap\1.2.1\compactmap-1.2.1.jar;E:\1704A\repository\com\github\andrewoma\dexx\dexx-collections\0.2\dexx-collections-0.2.jar;E:\1704A\repository\com\fasterxml\jackson\core\jackson-annotations\2.9.0\jackson-annotations-2.9.0.jar;E:\1704A\repository\com\fasterxml\jackson\core\jackson-core\2.9.5\jackson-core-2.9.5.jar;E:\1704A\repository\com\netflix\eureka\eureka-core\1.9.3\eureka-core-1.9.3.jar;E:\1704A\repository\org\codehaus\woodstox\woodstox-core-asl\4.4.1\woodstox-core-asl-4.4.1.jar;E:\1704A\repository\javax\xml\stream\stax-api\1.0-2\stax-api-1.0-2.jar;E:\1704A\repository\org\codehaus\woodstox\stax2-api\3.1.4\stax2-api-3.1.4.jar;E:\1704A\repository\org\springframework\cloud\spring-cloud-starter-netflix-archaius\2.0.1.RELEASE\spring-cloud-starter-netflix-archaius-2.0.1.RELEASE.jar;E:\1704A\repository\org\springframework\cloud\spring-cloud-netflix-ribbon\2.0.1.RELEASE\spring-cloud-netflix-ribbon-2.0.1.RELEASE.jar;E:\1704A\repository\org\springframework\cloud\spring-cloud-netflix-archaius\2.0.1.RELEASE\spring-cloud-netflix-archaius-2.0.1.RELEASE.jar;E:\1704A\repository\commons-configuration\commons-configuration\1.8\commons-configuration-1.8.jar;E:\1704A\repository\commons-lang\commons-lang\2.6\commons-lang-2.6.jar;E:\1704A\repository\org\springframework\cloud\spring-cloud-starter-netflix-ribbon\2.0.1.RELEASE\spring-cloud-starter-netflix-ribbon-2.0.1.RELEASE.jar;E:\1704A\repository\com\netflix\ribbon\ribbon\2.2.5\ribbon-2.2.5.jar;E:\1704A\repository\com\netflix\ribbon\ribbon-transport\2.2.5\ribbon-transport-2.2.5.jar;E:\1704A\repository\io\reactivex\rxnetty-contexts\0.4.9\rxnetty-contexts-0.4.9.jar;E:\1704A\repository\io\reactivex\rxnetty-servo\0.4.9\rxnetty-servo-0.4.9.jar;E:\1704A\repository\io\reactivex\rxnetty\0.4.9\rxnetty-0.4.9.jar;E:\1704A\repository\io\netty\netty-codec-http\4.1.23.Final\netty-codec-http-4.1.23.Final.jar;E:\1704A\repository\io\netty\netty-codec\4.1.23.Final\netty-codec-4.1.23.Final.jar;E:\1704A\repository\io\netty\netty-transport-native-epoll\4.1.23.Final\netty-transport-native-epoll-4.1.23.Final.jar;E:\1704A\repository\io\netty\netty-common\4.1.23.Final\netty-common-4.1.23.Final.jar;E:\1704A\repository\io\netty\netty-buffer\4.1.23.Final\netty-buffer-4.1.23.Final.jar;E:\1704A\repository\io\netty\netty-transport-native-unix-common\4.1.23.Final\netty-transport-native-unix-common-4.1.23.Final.jar;E:\1704A\repository\io\netty\netty-transport\4.1.23.Final\netty-transport-4.1.23.Final.jar;E:\1704A\repository\io\netty\netty-resolver\4.1.23.Final\netty-resolver-4.1.23.Final.jar;E:\1704A\repository\com\netflix\ribbon\ribbon-core\2.2.5\ribbon-core-2.2.5.jar;E:\1704A\repository\com\netflix\ribbon\ribbon-httpclient\2.2.5\ribbon-httpclient-2.2.5.jar;E:\1704A\repository\commons-collections\commons-collections\3.2.2\commons-collections-3.2.2.jar;E:\1704A\repository\com\netflix\netflix-commons\netflix-commons-util\0.3.0\netflix-commons-util-0.3.0.jar;E:\1704A\repository\com\netflix\ribbon\ribbon-loadbalancer\2.2.5\ribbon-loadbalancer-2.2.5.jar;E:\1704A\repository\com\netflix\netflix-commons\netflix-statistics\0.1.1\netflix-statistics-0.1.1.jar;E:\1704A\repository\io\reactivex\rxjava\1.3.8\rxjava-1.3.8.jar;E:\1704A\repository\com\netflix\ribbon\ribbon-eureka\2.2.5\ribbon-eureka-2.2.5.jar;E:\1704A\repository\com\thoughtworks\xstream\xstream\1.4.10\xstream-1.4.10.jar;E:\1704A\repository\xmlpull\xmlpull\1.1.3.1\xmlpull-1.1.3.1.jar;E:\1704A\repository\xpp3\xpp3_min\1.1.4c\xpp3_min-1.1.4c.jar;E:\1704A\repository\org\springframework\cloud\spring-cloud-starter-openfeign\2.0.1.RELEASE\spring-cloud-starter-openfeign-2.0.1.RELEASE.jar;E:\1704A\repository\org\springframework\cloud\spring-cloud-openfeign-core\2.0.1.RELEASE\spring-cloud-openfeign-core-2.0.1.RELEASE.jar;E:\1704A\repository\org\springframework\cloud\spring-cloud-commons\2.0.1.RELEASE\spring-cloud-commons-2.0.1.RELEASE.jar;E:\1704A\repository\io\github\openfeign\feign-core\9.5.1\feign-core-9.5.1.jar;E:\1704A\repository\io\github\openfeign\feign-slf4j\9.5.1\feign-slf4j-9.5.1.jar;E:\1704A\repository\io\github\openfeign\feign-hystrix\9.5.1\feign-hystrix-9.5.1.jar;E:\1704A\repository\com\netflix\hystrix\hystrix-core\1.5.12\hystrix-core-1.5.12.jar;E:\1704A\repository\org\hdrhistogram\HdrHistogram\2.1.9\HdrHistogram-2.1.9.jar;E:\1704A\repository\io\github\openfeign\feign-java8\9.5.1\feign-java8-9.5.1.jar;E:\1704A\repository\com\netflix\feign\feign-okhttp\8.18.0\feign-okhttp-8.18.0.jar;E:\1704A\repository\com\netflix\feign\feign-core\8.18.0\feign-core-8.18.0.jar;E:\1704A\repository\org\jvnet\animal-sniffer-annotation\1.0\animal-sniffer-annotation-1.0.jar;, user.name=wangb, java.vm.specification.version=1.8, sun.java.command=C:\Users\wangb\AppData\Local\Temp\surefire8359040626052298865\surefirebooter7147715406186341325.jar C:\Users\wangb\AppData\Local\Temp\surefire8359040626052298865 2020-03-09T20-44-46_260-jvmRun1 surefire1835119734498572997tmp surefire_16448304995619269847tmp, java.home=C:\Program Files\Java\jdk1.8.0_91\jre, sun.arch.data.model=64, user.language=zh, java.specification.vendor=Oracle Corporation, awt.toolkit=sun.awt.windows.WToolkit, java.vm.info=mixed mode, java.version=1.8.0_91, java.ext.dirs=C:\Program Files\Java\jdk1.8.0_91\jre\lib\ext;C:\WINDOWS\Sun\Java\lib\ext, sun.boot.class.path=C:\Program Files\Java\jdk1.8.0_91\jre\lib\resources.jar;C:\Program Files\Java\jdk1.8.0_91\jre\lib\rt.jar;C:\Program Files\Java\jdk1.8.0_91\jre\lib\sunrsasign.jar;C:\Program Files\Java\jdk1.8.0_91\jre\lib\jsse.jar;C:\Program Files\Java\jdk1.8.0_91\jre\lib\jce.jar;C:\Program Files\Java\jdk1.8.0_91\jre\lib\charsets.jar;C:\Program Files\Java\jdk1.8.0_91\jre\lib\jfr.jar;C:\Program Files\Java\jdk1.8.0_91\jre\classes, java.awt.headless=true, java.vendor=Oracle Corporation, localRepository=E:\1704A\repository, file.separator=\, java.vendor.url.bug=http://bugreport.sun.com/bugreport/, sun.io.unicode.encoding=UnicodeLittle, sun.cpu.endian=little, sun.desktop=windows, sun.cpu.isalist=amd64}}, SystemEnvironmentPropertySource@1661426385 {name='systemEnvironment', properties={PATH=E:\app\wangb\product\11.2.0\dbhome_1\bin;E:\maven\apache-maven-3.6.1\bin;C:\Program Files\Java\jdk1.8.0_91\bin;C:\Program Files (x86)\Intel\iCLS Client\;C:\Program Files\Intel\iCLS Client\;C:\Windows\system32;C:\Windows;C:\Windows\System32\Wbem;C:\Windows\System32\WindowsPowerShell\v1.0\;C:\Program Files (x86)\NVIDIA Corporation\PhysX\Common;C:\Program Files (x86)\Intel\Intel(R) Management Engine Components\DAL;C:\Program Files\Intel\Intel(R) Management Engine Components\DAL;C:\Program Files (x86)\Intel\Intel(R) Management Engine Components\IPT;C:\Program Files\Intel\Intel(R) Management Engine Components\IPT;C:\WINDOWS\system32;C:\WINDOWS;C:\WINDOWS\System32\Wbem;C:\WINDOWS\System32\WindowsPowerShell\v1.0\;C:\WINDOWS\System32\OpenSSH\;C:\Program Files\MySQL\MySQL Server 5.5\bin;E:\nodejs\;E:\Git\cmd;E:\Mp4\ffmpeg-20180227-fa0c9d6-win64-static\bin;C:\Users\wangb\AppData\Local\Microsoft\WindowsApps;C:\Users\wangb\AppData\Roaming\npm;E:\Microsoft VS Code\bin, USERDOMAIN_ROAMINGPROFILE=LAPTOP-8K1AKH0O, LOCALAPPDATA=C:\Users\wangb\AppData\Local, PROCESSOR_LEVEL=6, SYSTEMDRIVE=C:, COMMONPROGRAMFILES(X86)=C:\Program Files (x86)\Common Files, USERDOMAIN=LAPTOP-8K1AKH0O, FPS_BROWSER_APP_PROFILE_STRING=Internet Explorer, LOGONSERVER=\\LAPTOP-8K1AKH0O, JAVA_HOME=C:\Program Files\Java\jdk1.8.0_91, PROMPT=$P$G, SESSIONNAME=Console, ALLUSERSPROFILE=C:\ProgramData, PROGRAMFILES(X86)=C:\Program Files (x86), PROCESSOR_ARCHITECTURE=AMD64, DRIVERDATA=C:\Windows\System32\Drivers\DriverData, ERLANG_HOME=E:\erl9.2, =E:=E:\1704A\hdServiceCode\nm-service-manage-course, PROGRAMFILES=C:\Program Files, APPDATA=C:\Users\wangb\AppData\Roaming, MOZ_PLUGIN_PATH=E:\1704A\FoxitPhantomPDFBusiness\plugins\, PSMODULEPATH=C:\Program Files\WindowsPowerShell\Modules;C:\WINDOWS\system32\WindowsPowerShell\v1.0\Modules, PROGRAMW6432=C:\Program Files, PROGRAMDATA=C:\ProgramData, SYSTEMROOT=C:\WINDOWS, USERNAME=wangb, FPS_BROWSER_USER_PROFILE_STRING=Default, ONEDRIVE=C:\Users\wangb\OneDrive, CONFIGSETROOT=C:\WINDOWS\ConfigSetRoot, PATHEXT=.COM;.EXE;.BAT;.CMD;.VBS;.VBE;.JS;.JSE;.WSF;.WSH;.MSC, OS=Windows_NT, COMMONPROGRAMW6432=C:\Program Files\Common Files, COMPUTERNAME=LAPTOP-8K1AKH0O, COMMONPROGRAMFILES=C:\Program Files\Common Files, COMSPEC=C:\WINDOWS\system32\cmd.exe, PROCESSOR_REVISION=9e09, WINDIR=C:\WINDOWS, RABBITMQ_SERVER=E:\rabibitmq\rabbitmq_server-3.7.4, HOMEPATH=\Users\wangb, TEMP=C:\Users\wangb\AppData\Local\Temp, HOMEDRIVE=C:, PROCESSOR_IDENTIFIER=Intel64 Family 6 Model 158 Stepping 9, GenuineIntel, USERPROFILE=C:\Users\wangb, TMP=C:\Users\wangb\AppData\Local\Temp, PUBLIC=C:\Users\Public, NUMBER_OF_PROCESSORS=8, =::=::\}}]
2020-03-09 20:45:44.642 [main] INFO  o.s.b.t.c.SpringBootTestContextBootstrapper - Found @SpringBootConfiguration com.ningmeng.manage_course.ManageCourseApplication for test class com.ningmeng.manage_course.dao.Tests
2020-03-09 20:45:44.643 [main] DEBUG o.s.b.t.c.SpringBootTestContextBootstrapper - @TestExecutionListeners is not present for class [com.ningmeng.manage_course.dao.Tests]: using defaults.
2020-03-09 20:45:44.643 [main] INFO  o.s.b.t.c.SpringBootTestContextBootstrapper - Loaded default TestExecutionListener class names from location [META-INF/spring.factories]: [org.springframework.boot.test.mock.mockito.MockitoTestExecutionListener, org.springframework.boot.test.mock.mockito.ResetMocksTestExecutionListener, org.springframework.boot.test.autoconfigure.restdocs.RestDocsTestExecutionListener, org.springframework.boot.test.autoconfigure.web.client.MockRestServiceServerResetTestExecutionListener, org.springframework.boot.test.autoconfigure.web.servlet.MockMvcPrintOnlyOnFailureTestExecutionListener, org.springframework.boot.test.autoconfigure.web.servlet.WebDriverTestExecutionListener, org.springframework.test.context.web.ServletTestExecutionListener, org.springframework.test.context.support.DirtiesContextBeforeModesTestExecutionListener, org.springframework.test.context.support.DependencyInjectionTestExecutionListener, org.springframework.test.context.support.DirtiesContextTestExecutionListener, org.springframework.test.context.transaction.TransactionalTestExecutionListener, org.springframework.test.context.jdbc.SqlScriptsTestExecutionListener]
2020-03-09 20:45:44.644 [main] INFO  o.s.b.t.c.SpringBootTestContextBootstrapper - Using TestExecutionListeners: [org.springframework.test.context.web.ServletTestExecutionListener@5fa0943d, org.springframework.test.context.support.DirtiesContextBeforeModesTestExecutionListener@73bb782d, org.springframework.boot.test.mock.mockito.MockitoTestExecutionListener@3a3375d8, org.springframework.boot.test.autoconfigure.SpringBootDependencyInjectionTestExecutionListener@63bb719d, org.springframework.test.context.support.DirtiesContextTestExecutionListener@38e100ab, org.springframework.test.context.transaction.TransactionalTestExecutionListener@10b36d8a, org.springframework.test.context.jdbc.SqlScriptsTestExecutionListener@318f47f1, org.springframework.boot.test.mock.mockito.ResetMocksTestExecutionListener@900ffc4, org.springframework.boot.test.autoconfigure.restdocs.RestDocsTestExecutionListener@39d44217, org.springframework.boot.test.autoconfigure.web.client.MockRestServiceServerResetTestExecutionListener@3280a79a, org.springframework.boot.test.autoconfigure.web.servlet.MockMvcPrintOnlyOnFailureTestExecutionListener@79fbcef4, org.springframework.boot.test.autoconfigure.web.servlet.WebDriverTestExecutionListener@770be0d0]
2020-03-09 20:45:44.644 [main] DEBUG o.s.t.annotation.ProfileValueUtils - Retrieved @ProfileValueSourceConfiguration [null] for test class [com.ningmeng.manage_course.dao.Tests]
2020-03-09 20:45:44.644 [main] DEBUG o.s.t.annotation.ProfileValueUtils - Retrieved ProfileValueSource type [class org.springframework.test.annotation.SystemProfileValueSource] for class [com.ningmeng.manage_course.dao.Tests]
2020-03-09 20:45:44.644 [main] DEBUG o.s.t.annotation.ProfileValueUtils - Retrieved @ProfileValueSourceConfiguration [null] for test class [com.ningmeng.manage_course.dao.Tests]
2020-03-09 20:45:44.644 [main] DEBUG o.s.t.annotation.ProfileValueUtils - Retrieved ProfileValueSource type [class org.springframework.test.annotation.SystemProfileValueSource] for class [com.ningmeng.manage_course.dao.Tests]
2020-03-09 20:45:44.644 [main] DEBUG o.s.t.annotation.ProfileValueUtils - Retrieved @ProfileValueSourceConfiguration [null] for test class [com.ningmeng.manage_course.dao.Tests]
2020-03-09 20:45:44.644 [main] DEBUG o.s.t.annotation.ProfileValueUtils - Retrieved ProfileValueSource type [class org.springframework.test.annotation.SystemProfileValueSource] for class [com.ningmeng.manage_course.dao.Tests]
2020-03-09 20:45:44.644 [main] DEBUG o.s.t.c.s.AbstractDirtiesContextTestExecutionListener - Before test class: context [DefaultTestContext@6c54d0dc testClass = Tests, testInstance = [null], testMethod = [null], testException = [null], mergedContextConfiguration = [WebMergedContextConfiguration@5b5f06bb testClass = Tests, locations = '{}', classes = '{class com.ningmeng.manage_course.ManageCourseApplication}', contextInitializerClasses = '[]', activeProfiles = '{}', propertySourceLocations = '{}', propertySourceProperties = '{org.springframework.boot.test.context.SpringBootTestContextBootstrapper=true}', contextCustomizers = set[org.springframework.boot.test.context.filter.ExcludeFilterContextCustomizer@2145433b, org.springframework.boot.test.json.DuplicateJsonObjectContextCustomizerFactory$DuplicateJsonObjectContextCustomizer@1b083826, org.springframework.boot.test.mock.mockito.MockitoContextCustomizer@0, org.springframework.boot.test.web.client.TestRestTemplateContextCustomizer@161b062a, org.springframework.boot.test.autoconfigure.properties.PropertyMappingContextCustomizer@0, org.springframework.boot.test.autoconfigure.web.servlet.WebDriverContextCustomizerFactory$Customizer@657c8ad9], resourceBasePath = 'src/main/webapp', contextLoader = 'org.springframework.boot.test.context.SpringBootContextLoader', parent = [null]], attributes = map['org.springframework.test.context.web.ServletTestExecutionListener.activateListener' -> true]], class annotated with @DirtiesContext [false] with mode [null].
2020-03-09 20:45:44.644 [main] DEBUG o.s.t.annotation.ProfileValueUtils - Retrieved @ProfileValueSourceConfiguration [null] for test class [com.ningmeng.manage_course.dao.Tests]
2020-03-09 20:45:44.644 [main] DEBUG o.s.t.annotation.ProfileValueUtils - Retrieved ProfileValueSource type [class org.springframework.test.annotation.SystemProfileValueSource] for class [com.ningmeng.manage_course.dao.Tests]
2020-03-09 20:45:44.644 [main] DEBUG o.s.t.c.c.DefaultCacheAwareContextLoaderDelegate - Retrieved ApplicationContext from cache with key [[WebMergedContextConfiguration@5b5f06bb testClass = Tests, locations = '{}', classes = '{class com.ningmeng.manage_course.ManageCourseApplication}', contextInitializerClasses = '[]', activeProfiles = '{}', propertySourceLocations = '{}', propertySourceProperties = '{org.springframework.boot.test.context.SpringBootTestContextBootstrapper=true}', contextCustomizers = set[org.springframework.boot.test.context.filter.ExcludeFilterContextCustomizer@2145433b, org.springframework.boot.test.json.DuplicateJsonObjectContextCustomizerFactory$DuplicateJsonObjectContextCustomizer@1b083826, org.springframework.boot.test.mock.mockito.MockitoContextCustomizer@0, org.springframework.boot.test.web.client.TestRestTemplateContextCustomizer@161b062a, org.springframework.boot.test.autoconfigure.properties.PropertyMappingContextCustomizer@0, org.springframework.boot.test.autoconfigure.web.servlet.WebDriverContextCustomizerFactory$Customizer@657c8ad9], resourceBasePath = 'src/main/webapp', contextLoader = 'org.springframework.boot.test.context.SpringBootContextLoader', parent = [null]]]
2020-03-09 20:45:44.644 [main] DEBUG o.springframework.test.context.cache - Spring test ApplicationContext cache statistics: [DefaultContextCache@14980819 size = 1, maxSize = 32, parentContextCount = 0, hitCount = 33, missCount = 1]
2020-03-09 20:45:44.644 [main] DEBUG o.s.t.c.w.ServletTestExecutionListener - Setting up MockHttpServletRequest, MockHttpServletResponse, ServletWebRequest, and RequestContextHolder for test context [DefaultTestContext@6c54d0dc testClass = Tests, testInstance = com.ningmeng.manage_course.dao.Tests@7c74ef4a, testMethod = [null], testException = [null], mergedContextConfiguration = [WebMergedContextConfiguration@5b5f06bb testClass = Tests, locations = '{}', classes = '{class com.ningmeng.manage_course.ManageCourseApplication}', contextInitializerClasses = '[]', activeProfiles = '{}', propertySourceLocations = '{}', propertySourceProperties = '{org.springframework.boot.test.context.SpringBootTestContextBootstrapper=true}', contextCustomizers = set[org.springframework.boot.test.context.filter.ExcludeFilterContextCustomizer@2145433b, org.springframework.boot.test.json.DuplicateJsonObjectContextCustomizerFactory$DuplicateJsonObjectContextCustomizer@1b083826, org.springframework.boot.test.mock.mockito.MockitoContextCustomizer@0, org.springframework.boot.test.web.client.TestRestTemplateContextCustomizer@161b062a, org.springframework.boot.test.autoconfigure.properties.PropertyMappingContextCustomizer@0, org.springframework.boot.test.autoconfigure.web.servlet.WebDriverContextCustomizerFactory$Customizer@657c8ad9], resourceBasePath = 'src/main/webapp', contextLoader = 'org.springframework.boot.test.context.SpringBootContextLoader', parent = [null]], attributes = map['org.springframework.test.context.web.ServletTestExecutionListener.activateListener' -> true]].
2020-03-09 20:45:44.645 [main] DEBUG o.s.t.c.s.DependencyInjectionTestExecutionListener - Performing dependency injection for test context [[DefaultTestContext@6c54d0dc testClass = Tests, testInstance = com.ningmeng.manage_course.dao.Tests@7c74ef4a, testMethod = [null], testException = [null], mergedContextConfiguration = [WebMergedContextConfiguration@5b5f06bb testClass = Tests, locations = '{}', classes = '{class com.ningmeng.manage_course.ManageCourseApplication}', contextInitializerClasses = '[]', activeProfiles = '{}', propertySourceLocations = '{}', propertySourceProperties = '{org.springframework.boot.test.context.SpringBootTestContextBootstrapper=true}', contextCustomizers = set[org.springframework.boot.test.context.filter.ExcludeFilterContextCustomizer@2145433b, org.springframework.boot.test.json.DuplicateJsonObjectContextCustomizerFactory$DuplicateJsonObjectContextCustomizer@1b083826, org.springframework.boot.test.mock.mockito.MockitoContextCustomizer@0, org.springframework.boot.test.web.client.TestRestTemplateContextCustomizer@161b062a, org.springframework.boot.test.autoconfigure.properties.PropertyMappingContextCustomizer@0, org.springframework.boot.test.autoconfigure.web.servlet.WebDriverContextCustomizerFactory$Customizer@657c8ad9], resourceBasePath = 'src/main/webapp', contextLoader = 'org.springframework.boot.test.context.SpringBootContextLoader', parent = [null]], attributes = map['org.springframework.test.context.web.ServletTestExecutionListener.activateListener' -> true, 'org.springframework.test.context.web.ServletTestExecutionListener.populatedRequestContextHolder' -> true, 'org.springframework.test.context.web.ServletTestExecutionListener.resetRequestContextHolder' -> true]]].
2020-03-09 20:45:44.645 [main] DEBUG o.s.t.c.c.DefaultCacheAwareContextLoaderDelegate - Retrieved ApplicationContext from cache with key [[WebMergedContextConfiguration@5b5f06bb testClass = Tests, locations = '{}', classes = '{class com.ningmeng.manage_course.ManageCourseApplication}', contextInitializerClasses = '[]', activeProfiles = '{}', propertySourceLocations = '{}', propertySourceProperties = '{org.springframework.boot.test.context.SpringBootTestContextBootstrapper=true}', contextCustomizers = set[org.springframework.boot.test.context.filter.ExcludeFilterContextCustomizer@2145433b, org.springframework.boot.test.json.DuplicateJsonObjectContextCustomizerFactory$DuplicateJsonObjectContextCustomizer@1b083826, org.springframework.boot.test.mock.mockito.MockitoContextCustomizer@0, org.springframework.boot.test.web.client.TestRestTemplateContextCustomizer@161b062a, org.springframework.boot.test.autoconfigure.properties.PropertyMappingContextCustomizer@0, org.springframework.boot.test.autoconfigure.web.servlet.WebDriverContextCustomizerFactory$Customizer@657c8ad9], resourceBasePath = 'src/main/webapp', contextLoader = 'org.springframework.boot.test.context.SpringBootContextLoader', parent = [null]]]
2020-03-09 20:45:44.645 [main] DEBUG o.springframework.test.context.cache - Spring test ApplicationContext cache statistics: [DefaultContextCache@14980819 size = 1, maxSize = 32, parentContextCount = 0, hitCount = 34, missCount = 1]
2020-03-09 20:45:44.646 [main] DEBUG o.s.b.f.annotation.InjectionMetadata - Processing injected element of bean 'com.ningmeng.manage_course.dao.Tests': AutowiredFieldElement for org.springframework.web.client.RestTemplate com.ningmeng.manage_course.dao.Tests.restTemplate
2020-03-09 20:45:44.646 [main] DEBUG o.s.core.annotation.AnnotationUtils - Failed to meta-introspect annotation interface org.springframework.beans.factory.annotation.Autowired: java.lang.NullPointerException
2020-03-09 20:45:44.647 [main] DEBUG o.s.b.f.s.DefaultListableBeanFactory - Returning cached instance of singleton bean 'restTemplate'
2020-03-09 20:45:44.647 [main] DEBUG o.s.b.f.a.AutowiredAnnotationBeanPostProcessor - Autowiring by type from bean name 'com.ningmeng.manage_course.dao.Tests' to bean named 'restTemplate'
2020-03-09 20:45:44.647 [main] DEBUG o.s.b.f.s.DefaultListableBeanFactory - Returning cached instance of singleton bean 'org.springframework.transaction.config.internalTransactionAdvisor'
2020-03-09 20:45:44.647 [main] DEBUG o.s.b.f.s.DefaultListableBeanFactory - Returning cached instance of singleton bean 'org.springframework.transaction.config.internalTransactionAdvisor'
2020-03-09 20:45:44.648 [main] DEBUG o.s.t.c.s.AbstractDirtiesContextTestExecutionListener - Before test method: context [DefaultTestContext@6c54d0dc testClass = Tests, testInstance = com.ningmeng.manage_course.dao.Tests@7c74ef4a, testMethod = testRibbon@Tests, testException = [null], mergedContextConfiguration = [WebMergedContextConfiguration@5b5f06bb testClass = Tests, locations = '{}', classes = '{class com.ningmeng.manage_course.ManageCourseApplication}', contextInitializerClasses = '[]', activeProfiles = '{}', propertySourceLocations = '{}', propertySourceProperties = '{org.springframework.boot.test.context.SpringBootTestContextBootstrapper=true}', contextCustomizers = set[org.springframework.boot.test.context.filter.ExcludeFilterContextCustomizer@2145433b, org.springframework.boot.test.json.DuplicateJsonObjectContextCustomizerFactory$DuplicateJsonObjectContextCustomizer@1b083826, org.springframework.boot.test.mock.mockito.MockitoContextCustomizer@0, org.springframework.boot.test.web.client.TestRestTemplateContextCustomizer@161b062a, org.springframework.boot.test.autoconfigure.properties.PropertyMappingContextCustomizer@0, org.springframework.boot.test.autoconfigure.web.servlet.WebDriverContextCustomizerFactory$Customizer@657c8ad9], resourceBasePath = 'src/main/webapp', contextLoader = 'org.springframework.boot.test.context.SpringBootContextLoader', parent = [null]], attributes = map['org.springframework.test.context.web.ServletTestExecutionListener.activateListener' -> true, 'org.springframework.test.context.web.ServletTestExecutionListener.populatedRequestContextHolder' -> true, 'org.springframework.test.context.web.ServletTestExecutionListener.resetRequestContextHolder' -> true]], class annotated with @DirtiesContext [false] with mode [null], method annotated with @DirtiesContext [false] with mode [null].
2020-03-09 20:45:44.648 [main] DEBUG o.s.t.c.c.DefaultCacheAwareContextLoaderDelegate - Retrieved ApplicationContext from cache with key [[WebMergedContextConfiguration@5b5f06bb testClass = Tests, locations = '{}', classes = '{class com.ningmeng.manage_course.ManageCourseApplication}', contextInitializerClasses = '[]', activeProfiles = '{}', propertySourceLocations = '{}', propertySourceProperties = '{org.springframework.boot.test.context.SpringBootTestContextBootstrapper=true}', contextCustomizers = set[org.springframework.boot.test.context.filter.ExcludeFilterContextCustomizer@2145433b, org.springframework.boot.test.json.DuplicateJsonObjectContextCustomizerFactory$DuplicateJsonObjectContextCustomizer@1b083826, org.springframework.boot.test.mock.mockito.MockitoContextCustomizer@0, org.springframework.boot.test.web.client.TestRestTemplateContextCustomizer@161b062a, org.springframework.boot.test.autoconfigure.properties.PropertyMappingContextCustomizer@0, org.springframework.boot.test.autoconfigure.web.servlet.WebDriverContextCustomizerFactory$Customizer@657c8ad9], resourceBasePath = 'src/main/webapp', contextLoader = 'org.springframework.boot.test.context.SpringBootContextLoader', parent = [null]]]
2020-03-09 20:45:44.648 [main] DEBUG o.springframework.test.context.cache - Spring test ApplicationContext cache statistics: [DefaultContextCache@14980819 size = 1, maxSize = 32, parentContextCount = 0, hitCount = 35, missCount = 1]
2020-03-09 20:45:44.649 [main] DEBUG o.s.b.f.s.DefaultListableBeanFactory - Returning cached instance of singleton bean 'org.springframework.boot.test.mock.mockito.MockitoBeans'
2020-03-09 20:45:44.695 [main] DEBUG o.s.web.client.RestTemplate - Created GET request for "http://NM-SERVICE-MANAGE-CMS/cms/findById/5abefd525b05aa293098fca6"
2020-03-09 20:45:44.771 [main] DEBUG o.s.web.client.RestTemplate - Setting request Accept header to [application/json, application/*+json]
2020-03-09 20:45:44.773 [main] DEBUG o.s.core.env.StandardEnvironment - Adding PropertySource 'systemProperties' with lowest search precedence
2020-03-09 20:45:44.773 [main] DEBUG o.s.core.env.StandardEnvironment - Adding PropertySource 'systemEnvironment' with lowest search precedence
2020-03-09 20:45:44.773 [main] DEBUG o.s.core.env.StandardEnvironment - Initialized StandardEnvironment with PropertySources [MapPropertySource@381400476 {name='systemProperties', properties={idea.version=2017.1.2, java.runtime.name=Java(TM) SE Runtime Environment, sun.boot.library.path=C:\Program Files\Java\jdk1.8.0_91\jre\bin, java.vm.version=25.91-b14, java.vm.vendor=Oracle Corporation, java.vendor.url=http://java.oracle.com/, path.separator=;, java.vm.name=Java HotSpot(TM) 64-Bit Server VM, file.encoding.pkg=sun.io, user.country=CN, user.script=, sun.java.launcher=SUN_STANDARD, sun.os.patch.level=, PID=27140, java.vm.specification.name=Java Virtual Machine Specification, user.dir=E:\1704A\hdServiceCode\nm-service-manage-course, java.runtime.version=1.8.0_91-b14, basedir=E:\1704A\hdServiceCode\nm-service-manage-course, java.awt.graphicsenv=sun.awt.Win32GraphicsEnvironment, java.endorsed.dirs=C:\Program Files\Java\jdk1.8.0_91\jre\lib\endorsed, os.arch=amd64, surefire.real.class.path=C:\Users\wangb\AppData\Local\Temp\surefire8359040626052298865\surefirebooter7147715406186341325.jar, java.io.tmpdir=C:\Users\wangb\AppData\Local\Temp\, line.separator=
, java.vm.specification.vendor=Oracle Corporation, user.variant=, os.name=Windows 10, sun.jnu.encoding=GBK, spring.beaninfo.ignore=true, java.library.path=C:\Program Files\Java\jdk1.8.0_91\jre\bin;C:\WINDOWS\Sun\Java\bin;C:\WINDOWS\system32;C:\WINDOWS;E:\app\wangb\product\11.2.0\dbhome_1\bin;E:\maven\apache-maven-3.6.1\bin;C:\Program Files\Java\jdk1.8.0_91\bin;C:\Program Files (x86)\Intel\iCLS Client\;C:\Program Files\Intel\iCLS Client\;C:\Windows\system32;C:\Windows;C:\Windows\System32\Wbem;C:\Windows\System32\WindowsPowerShell\v1.0\;C:\Program Files (x86)\NVIDIA Corporation\PhysX\Common;C:\Program Files (x86)\Intel\Intel(R) Management Engine Components\DAL;C:\Program Files\Intel\Intel(R) Management Engine Components\DAL;C:\Program Files (x86)\Intel\Intel(R) Management Engine Components\IPT;C:\Program Files\Intel\Intel(R) Management Engine Components\IPT;C:\WINDOWS\system32;C:\WINDOWS;C:\WINDOWS\System32\Wbem;C:\WINDOWS\System32\WindowsPowerShell\v1.0\;C:\WINDOWS\System32\OpenSSH\;C:\Program Files\MySQL\MySQL Server 5.5\bin;E:\nodejs\;E:\Git\cmd;E:\Mp4\ffmpeg-20180227-fa0c9d6-win64-static\bin;C:\Users\wangb\AppData\Local\Microsoft\WindowsApps;C:\Users\wangb\AppData\Roaming\npm;E:\Microsoft VS Code\bin;., surefire.test.class.path=E:\1704A\hdServiceCode\nm-service-manage-course\target\test-classes;E:\1704A\hdServiceCode\nm-service-manage-course\target\classes;E:\1704A\repository\com\github\pagehelper\pagehelper-spring-boot-starter\1.2.4\pagehelper-spring-boot-starter-1.2.4.jar;E:\1704A\repository\org\springframework\boot\spring-boot-starter\2.0.1.RELEASE\spring-boot-starter-2.0.1.RELEASE.jar;E:\1704A\repository\org\springframework\boot\spring-boot\2.0.1.RELEASE\spring-boot-2.0.1.RELEASE.jar;E:\1704A\repository\javax\annotation\javax.annotation-api\1.3.2\javax.annotation-api-1.3.2.jar;E:\1704A\repository\org\yaml\snakeyaml\1.19\snakeyaml-1.19.jar;E:\1704A\repository\com\github\pagehelper\pagehelper-spring-boot-autoconfigure\1.2.4\pagehelper-spring-boot-autoconfigure-1.2.4.jar;E:\1704A\repository\com\github\pagehelper\pagehelper\5.1.3\pagehelper-5.1.3.jar;E:\1704A\repository\com\github\jsqlparser\jsqlparser\1.0\jsqlparser-1.0.jar;E:\1704A\hdServiceCode\nm-service-api\target\nm-service-api.jar;E:\1704A\repository\commons-fileupload\commons-fileupload\1.3.3\commons-fileupload-1.3.3.jar;E:\1704A\repository\io\springfox\springfox-swagger2\2.7.0\springfox-swagger2-2.7.0.jar;E:\1704A\repository\io\swagger\swagger-annotations\1.5.13\swagger-annotations-1.5.13.jar;E:\1704A\repository\io\swagger\swagger-models\1.5.13\swagger-models-1.5.13.jar;E:\1704A\repository\io\springfox\springfox-spi\2.7.0\springfox-spi-2.7.0.jar;E:\1704A\repository\io\springfox\springfox-core\2.7.0\springfox-core-2.7.0.jar;E:\1704A\repository\io\springfox\springfox-schema\2.7.0\springfox-schema-2.7.0.jar;E:\1704A\repository\io\springfox\springfox-swagger-common\2.7.0\springfox-swagger-common-2.7.0.jar;E:\1704A\repository\io\springfox\springfox-spring-web\2.7.0\springfox-spring-web-2.7.0.jar;E:\1704A\repository\org\reflections\reflections\0.9.11\reflections-0.9.11.jar;E:\1704A\repository\com\fasterxml\classmate\1.3.4\classmate-1.3.4.jar;E:\1704A\repository\org\springframework\plugin\spring-plugin-core\1.2.0.RELEASE\spring-plugin-core-1.2.0.RELEASE.jar;E:\1704A\repository\org\springframework\plugin\spring-plugin-metadata\1.2.0.RELEASE\spring-plugin-metadata-1.2.0.RELEASE.jar;E:\1704A\repository\org\mapstruct\mapstruct\1.1.0.Final\mapstruct-1.1.0.Final.jar;E:\1704A\repository\io\springfox\springfox-swagger-ui\2.7.0\springfox-swagger-ui-2.7.0.jar;E:\1704A\hdServiceCode\nm-framework-model\target\nm-framework-model.jar;E:\1704A\repository\org\projectlombok\lombok\1.16.16\lombok-1.16.16.jar;E:\1704A\repository\org\springframework\data\spring-data-commons\2.0.6.RELEASE\spring-data-commons-2.0.6.RELEASE.jar;E:\1704A\repository\org\springframework\data\spring-data-mongodb\2.0.6.RELEASE\spring-data-mongodb-2.0.6.RELEASE.jar;E:\1704A\repository\org\springframework\spring-context\5.0.5.RELEASE\spring-context-5.0.5.RELEASE.jar;E:\1704A\repository\org\springframework\spring-expression\5.0.5.RELEASE\spring-expression-5.0.5.RELEASE.jar;E:\1704A\repository\org\mongodb\mongo-java-driver\3.6.3\mongo-java-driver-3.6.3.jar;E:\1704A\repository\org\hibernate\hibernate-core\5.2.16.Final\hibernate-core-5.2.16.Final.jar;E:\1704A\repository\org\jboss\logging\jboss-logging\3.3.2.Final\jboss-logging-3.3.2.Final.jar;E:\1704A\repository\org\hibernate\javax\persistence\hibernate-jpa-2.1-api\1.0.0.Final\hibernate-jpa-2.1-api-1.0.0.Final.jar;E:\1704A\repository\org\javassist\javassist\3.22.0-GA\javassist-3.22.0-GA.jar;E:\1704A\repository\antlr\antlr\2.7.7\antlr-2.7.7.jar;E:\1704A\repository\org\jboss\spec\javax\transaction\jboss-transaction-api_1.2_spec\1.0.1.Final\jboss-transaction-api_1.2_spec-1.0.1.Final.jar;E:\1704A\repository\org\jboss\jandex\2.0.3.Final\jandex-2.0.3.Final.jar;E:\1704A\repository\dom4j\dom4j\1.6.1\dom4j-1.6.1.jar;E:\1704A\repository\org\hibernate\common\hibernate-commons-annotations\5.0.1.Final\hibernate-commons-annotations-5.0.1.Final.jar;E:\1704A\repository\com\google\guava\guava\24.0-jre\guava-24.0-jre.jar;E:\1704A\repository\com\google\code\findbugs\jsr305\1.3.9\jsr305-1.3.9.jar;E:\1704A\repository\org\checkerframework\checker-compat-qual\2.0.0\checker-compat-qual-2.0.0.jar;E:\1704A\repository\com\google\errorprone\error_prone_annotations\2.1.3\error_prone_annotations-2.1.3.jar;E:\1704A\repository\com\google\j2objc\j2objc-annotations\1.1\j2objc-annotations-1.1.jar;E:\1704A\repository\org\codehaus\mojo\animal-sniffer-annotations\1.14\animal-sniffer-annotations-1.14.jar;E:\1704A\hdServiceCode\nm-framework-utils\target\nm-framework-utils.jar;E:\1704A\repository\javax\servlet\javax.servlet-api\3.1.0\javax.servlet-api-3.1.0.jar;E:\1704A\repository\org\springframework\boot\spring-boot-starter-logging\2.0.1.RELEASE\spring-boot-starter-logging-2.0.1.RELEASE.jar;E:\1704A\repository\ch\qos\logback\logback-classic\1.2.3\logback-classic-1.2.3.jar;E:\1704A\repository\ch\qos\logback\logback-core\1.2.3\logback-core-1.2.3.jar;E:\1704A\repository\org\apache\logging\log4j\log4j-to-slf4j\2.10.0\log4j-to-slf4j-2.10.0.jar;E:\1704A\repository\org\apache\logging\log4j\log4j-api\2.10.0\log4j-api-2.10.0.jar;E:\1704A\repository\org\slf4j\jul-to-slf4j\1.7.25\jul-to-slf4j-1.7.25.jar;E:\1704A\repository\org\apache\httpcomponents\httpclient\4.5.5\httpclient-4.5.5.jar;E:\1704A\repository\org\apache\httpcomponents\httpcore\4.4.9\httpcore-4.4.9.jar;E:\1704A\repository\commons-codec\commons-codec\1.10\commons-codec-1.10.jar;E:\1704A\repository\net\lingala\zip4j\zip4j\1.3.1\zip4j-1.3.1.jar;E:\1704A\repository\org\springframework\security\spring-security-crypto\5.0.4.RELEASE\spring-security-crypto-5.0.4.RELEASE.jar;E:\1704A\repository\org\springframework\security\spring-security-jwt\1.0.8.RELEASE\spring-security-jwt-1.0.8.RELEASE.jar;E:\1704A\repository\org\bouncycastle\bcpkix-jdk15on\1.56\bcpkix-jdk15on-1.56.jar;E:\1704A\repository\org\bouncycastle\bcprov-jdk15on\1.56\bcprov-jdk15on-1.56.jar;E:\1704A\hdServiceCode\nm-framework-common\target\nm-framework-common.jar;E:\1704A\repository\org\springframework\spring-web\5.0.5.RELEASE\spring-web-5.0.5.RELEASE.jar;E:\1704A\repository\org\springframework\boot\spring-boot-starter-web\2.0.1.RELEASE\spring-boot-starter-web-2.0.1.RELEASE.jar;E:\1704A\repository\org\springframework\boot\spring-boot-starter-json\2.0.1.RELEASE\spring-boot-starter-json-2.0.1.RELEASE.jar;E:\1704A\repository\com\fasterxml\jackson\core\jackson-databind\2.9.5\jackson-databind-2.9.5.jar;E:\1704A\repository\com\fasterxml\jackson\datatype\jackson-datatype-jdk8\2.9.5\jackson-datatype-jdk8-2.9.5.jar;E:\1704A\repository\com\fasterxml\jackson\datatype\jackson-datatype-jsr310\2.9.5\jackson-datatype-jsr310-2.9.5.jar;E:\1704A\repository\com\fasterxml\jackson\module\jackson-module-parameter-names\2.9.5\jackson-module-parameter-names-2.9.5.jar;E:\1704A\repository\org\springframework\boot\spring-boot-starter-tomcat\2.0.1.RELEASE\spring-boot-starter-tomcat-2.0.1.RELEASE.jar;E:\1704A\repository\org\apache\tomcat\embed\tomcat-embed-core\8.5.28\tomcat-embed-core-8.5.28.jar;E:\1704A\repository\org\apache\tomcat\embed\tomcat-embed-el\8.5.28\tomcat-embed-el-8.5.28.jar;E:\1704A\repository\org\apache\tomcat\embed\tomcat-embed-websocket\8.5.28\tomcat-embed-websocket-8.5.28.jar;E:\1704A\repository\org\hibernate\validator\hibernate-validator\6.0.9.Final\hibernate-validator-6.0.9.Final.jar;E:\1704A\repository\javax\validation\validation-api\2.0.1.Final\validation-api-2.0.1.Final.jar;E:\1704A\repository\org\springframework\spring-webmvc\5.0.5.RELEASE\spring-webmvc-5.0.5.RELEASE.jar;E:\1704A\repository\org\springframework\spring-aop\5.0.5.RELEASE\spring-aop-5.0.5.RELEASE.jar;E:\1704A\repository\mysql\mysql-connector-java\5.1.40\mysql-connector-java-5.1.40.jar;E:\1704A\repository\com\alibaba\druid-spring-boot-starter\1.1.10\druid-spring-boot-starter-1.1.10.jar;E:\1704A\repository\com\alibaba\druid\1.1.6\druid-1.1.6.jar;E:\1704A\repository\org\slf4j\slf4j-api\1.7.25\slf4j-api-1.7.25.jar;E:\1704A\repository\org\springframework\boot\spring-boot-autoconfigure\2.0.1.RELEASE\spring-boot-autoconfigure-2.0.1.RELEASE.jar;E:\1704A\repository\org\mybatis\spring\boot\mybatis-spring-boot-starter\1.3.1\mybatis-spring-boot-starter-1.3.1.jar;E:\1704A\repository\org\springframework\boot\spring-boot-starter-jdbc\2.0.1.RELEASE\spring-boot-starter-jdbc-2.0.1.RELEASE.jar;E:\1704A\repository\com\zaxxer\HikariCP\2.7.8\HikariCP-2.7.8.jar;E:\1704A\repository\org\mybatis\spring\boot\mybatis-spring-boot-autoconfigure\1.3.1\mybatis-spring-boot-autoconfigure-1.3.1.jar;E:\1704A\repository\org\mybatis\mybatis\3.4.5\mybatis-3.4.5.jar;E:\1704A\repository\org\mybatis\mybatis-spring\1.3.1\mybatis-spring-1.3.1.jar;E:\1704A\repository\org\springframework\spring-orm\5.0.5.RELEASE\spring-orm-5.0.5.RELEASE.jar;E:\1704A\repository\org\springframework\spring-beans\5.0.5.RELEASE\spring-beans-5.0.5.RELEASE.jar;E:\1704A\repository\org\springframework\spring-core\5.0.5.RELEASE\spring-core-5.0.5.RELEASE.jar;E:\1704A\repository\org\springframework\spring-jcl\5.0.5.RELEASE\spring-jcl-5.0.5.RELEASE.jar;E:\1704A\repository\org\springframework\spring-jdbc\5.0.5.RELEASE\spring-jdbc-5.0.5.RELEASE.jar;E:\1704A\repository\org\springframework\spring-tx\5.0.5.RELEASE\spring-tx-5.0.5.RELEASE.jar;E:\1704A\repository\org\springframework\boot\spring-boot-starter-data-jpa\2.0.1.RELEASE\spring-boot-starter-data-jpa-2.0.1.RELEASE.jar;E:\1704A\repository\org\springframework\boot\spring-boot-starter-aop\2.0.1.RELEASE\spring-boot-starter-aop-2.0.1.RELEASE.jar;E:\1704A\repository\org\aspectj\aspectjweaver\1.8.13\aspectjweaver-1.8.13.jar;E:\1704A\repository\javax\transaction\javax.transaction-api\1.2\javax.transaction-api-1.2.jar;E:\1704A\repository\org\springframework\data\spring-data-jpa\2.0.6.RELEASE\spring-data-jpa-2.0.6.RELEASE.jar;E:\1704A\repository\org\springframework\spring-aspects\5.0.5.RELEASE\spring-aspects-5.0.5.RELEASE.jar;E:\1704A\repository\com\squareup\okhttp3\okhttp\3.9.1\okhttp-3.9.1.jar;E:\1704A\repository\com\squareup\okio\okio\1.13.0\okio-1.13.0.jar;E:\1704A\repository\com\alibaba\fastjson\1.2.30\fastjson-1.2.30.jar;E:\1704A\repository\commons-io\commons-io\2.6\commons-io-2.6.jar;E:\1704A\repository\org\apache\commons\commons-lang3\3.6\commons-lang3-3.6.jar;E:\1704A\repository\org\springframework\boot\spring-boot-starter-test\2.0.1.RELEASE\spring-boot-starter-test-2.0.1.RELEASE.jar;E:\1704A\repository\org\springframework\boot\spring-boot-test\2.0.1.RELEASE\spring-boot-test-2.0.1.RELEASE.jar;E:\1704A\repository\org\springframework\boot\spring-boot-test-autoconfigure\2.0.1.RELEASE\spring-boot-test-autoconfigure-2.0.1.RELEASE.jar;E:\1704A\repository\com\jayway\jsonpath\json-path\2.4.0\json-path-2.4.0.jar;E:\1704A\repository\net\minidev\json-smart\2.3\json-smart-2.3.jar;E:\1704A\repository\net\minidev\accessors-smart\1.2\accessors-smart-1.2.jar;E:\1704A\repository\org\ow2\asm\asm\5.0.4\asm-5.0.4.jar;E:\1704A\repository\junit\junit\4.12\junit-4.12.jar;E:\1704A\repository\org\assertj\assertj-core\3.9.1\assertj-core-3.9.1.jar;E:\1704A\repository\org\mockito\mockito-core\2.15.0\mockito-core-2.15.0.jar;E:\1704A\repository\net\bytebuddy\byte-buddy\1.7.11\byte-buddy-1.7.11.jar;E:\1704A\repository\net\bytebuddy\byte-buddy-agent\1.7.11\byte-buddy-agent-1.7.11.jar;E:\1704A\repository\org\objenesis\objenesis\2.6\objenesis-2.6.jar;E:\1704A\repository\org\hamcrest\hamcrest-core\1.3\hamcrest-core-1.3.jar;E:\1704A\repository\org\hamcrest\hamcrest-library\1.3\hamcrest-library-1.3.jar;E:\1704A\repository\org\skyscreamer\jsonassert\1.5.0\jsonassert-1.5.0.jar;E:\1704A\repository\com\vaadin\external\google\android-json\0.0.20131108.vaadin1\android-json-0.0.20131108.vaadin1.jar;E:\1704A\repository\org\springframework\spring-test\5.0.5.RELEASE\spring-test-5.0.5.RELEASE.jar;E:\1704A\repository\org\xmlunit\xmlunit-core\2.5.1\xmlunit-core-2.5.1.jar;E:\1704A\repository\org\springframework\cloud\spring-cloud-starter-netflix-eureka-client\2.0.1.RELEASE\spring-cloud-starter-netflix-eureka-client-2.0.1.RELEASE.jar;E:\1704A\repository\org\springframework\cloud\spring-cloud-starter\2.0.1.RELEASE\spring-cloud-starter-2.0.1.RELEASE.jar;E:\1704A\repository\org\springframework\cloud\spring-cloud-context\2.0.1.RELEASE\spring-cloud-context-2.0.1.RELEASE.jar;E:\1704A\repository\org\springframework\security\spring-security-rsa\1.0.5.RELEASE\spring-security-rsa-1.0.5.RELEASE.jar;E:\1704A\repository\org\springframework\cloud\spring-cloud-netflix-core\2.0.1.RELEASE\spring-cloud-netflix-core-2.0.1.RELEASE.jar;E:\1704A\repository\org\springframework\cloud\spring-cloud-netflix-eureka-client\2.0.1.RELEASE\spring-cloud-netflix-eureka-client-2.0.1.RELEASE.jar;E:\1704A\repository\com\netflix\eureka\eureka-client\1.9.3\e
[...]
2020-03-09 20:45:44.980 [main] DEBUG o.s.b.f.s.DefaultListableBeanFactory - Autowiring by type from bean name 'ribbonLoadBalancer' via factory method to bean named 'ribbonServerListFilter'
2020-03-09 20:45:44.980 [main] DEBUG o.s.b.f.s.DefaultListableBeanFactory - Autowiring by type from bean name 'ribbonLoadBalancer' via factory method to bean named 'ribbonRule'
2020-03-09 20:45:44.980 [main] DEBUG o.s.b.f.s.DefaultListableBeanFactory - Autowiring by type from bean name 'ribbonLoadBalancer' via factory method to bean named 'ribbonPing'
2020-03-09 20:45:44.980 [main] DEBUG o.s.b.f.s.DefaultListableBeanFactory - Autowiring by type from bean name 'ribbonLoadBalancer' via factory method to bean named 'ribbonServerListUpdater'
2020-03-09 20:45:44.981 [main] DEBUG o.s.c.e.PropertySourcesPropertyResolver - Could not find key 'NM-SERVICE-MANAGE-CMS.ribbon.NFLoadBalancerClassName' in any property source
2020-03-09 20:45:44.981 [main] DEBUG c.n.loadbalancer.BaseLoadBalancer - LoadBalancer [NM-SERVICE-MANAGE-CMS]:  pingIntervalSeconds set to 30
2020-03-09 20:45:44.981 [main] DEBUG c.n.loadbalancer.BaseLoadBalancer - LoadBalancer [NM-SERVICE-MANAGE-CMS]: maxTotalPingTime set to 2
2020-03-09 20:45:44.982 [main] INFO  c.n.u.c.ShutdownEnabledTimer - Shutdown hook installed for: NFLoadBalancer-PingTimer-NM-SERVICE-MANAGE-CMS
2020-03-09 20:45:44.982 [main] INFO  c.n.loadbalancer.BaseLoadBalancer - Client: NM-SERVICE-MANAGE-CMS instantiated a LoadBalancer: DynamicServerListLoadBalancer:{NFLoadBalancer:name=NM-SERVICE-MANAGE-CMS,current list of Servers=[],Load balancer stats=Zone stats: {},Server stats: []}ServerList:null
2020-03-09 20:45:44.983 [NFLoadBalancer-PingTimer-NM-SERVICE-MANAGE-CMS] DEBUG c.n.loadbalancer.BaseLoadBalancer - LoadBalancer:  PingTask executing [0] servers configured
2020-03-09 20:45:44.983 [main] INFO  c.n.l.DynamicServerListLoadBalancer - Using serverListUpdater PollingServerListUpdater
2020-03-09 20:45:44.984 [main] DEBUG o.s.b.f.s.DefaultListableBeanFactory - Returning cached instance of singleton bean 'eurekaClient'
2020-03-09 20:45:44.984 [main] DEBUG o.s.b.f.s.DefaultListableBeanFactory - Returning cached instance of singleton bean 'eurekaClient'
2020-03-09 20:45:44.984 [main] DEBUG c.n.l.DynamicServerListLoadBalancer - List of Servers for NM-SERVICE-MANAGE-CMS obtained from Discovery client: []
2020-03-09 20:45:44.984 [main] DEBUG c.n.l.DynamicServerListLoadBalancer - Filtered List of Servers for NM-SERVICE-MANAGE-CMS obtained from Discovery client: []
2020-03-09 20:45:44.984 [main] DEBUG c.n.loadbalancer.BaseLoadBalancer - LoadBalancer [NM-SERVICE-MANAGE-CMS]: clearing server list (SET op)
2020-03-09 20:45:44.984 [main] DEBUG c.n.l.DynamicServerListLoadBalancer - Setting server list for zones: {}
2020-03-09 20:45:44.984 [main] DEBUG c.n.loadbalancer.BaseLoadBalancer - LoadBalancer [NM-SERVICE-MANAGE-CMS]:  forceQuickPing invoking
2020-03-09 20:45:44.984 [main] DEBUG c.n.loadbalancer.BaseLoadBalancer - LoadBalancer:  PingTask executing [0] servers configured
2020-03-09 20:45:44.984 [main] INFO  c.n.l.DynamicServerListLoadBalancer - DynamicServerListLoadBalancer for client NM-SERVICE-MANAGE-CMS initialized: DynamicServerListLoadBalancer:{NFLoadBalancer:name=NM-SERVICE-MANAGE-CMS,current list of Servers=[],Load balancer stats=Zone stats: {},Server stats: []}ServerList:org.springframework.cloud.netflix.ribbon.eureka.DomainExtractingServerList@63e0c744
2020-03-09 20:45:44.985 [main] DEBUG o.s.b.f.s.DefaultListableBeanFactory - Eagerly caching bean 'ribbonLoadBalancer' to allow for resolving potential circular references
2020-03-09 20:45:44.990 [main] DEBUG o.s.b.f.s.DefaultListableBeanFactory - Finished creating instance of bean 'ribbonLoadBalancer'
2020-03-09 20:45:44.990 [main] DEBUG o.s.b.f.s.DefaultListableBeanFactory - Creating shared instance of singleton bean 'retryHandler'
2020-03-09 20:45:44.990 [main] DEBUG o.s.b.f.s.DefaultListableBeanFactory - Creating instance of bean 'retryHandler'
2020-03-09 20:45:44.990 [main] DEBUG o.s.b.f.s.DefaultListableBeanFactory - Returning cached instance of singleton bean 'ribbonClientConfiguration'
2020-03-09 20:45:44.990 [main] DEBUG o.s.b.f.s.DefaultListableBeanFactory - Returning cached instance of singleton bean 'ribbonClientConfig'
2020-03-09 20:45:44.990 [main] DEBUG o.s.b.f.s.DefaultListableBeanFactory - Autowiring by type from bean name 'retryHandler' via factory method to bean named 'ribbonClientConfig'
2020-03-09 20:45:44.991 [main] DEBUG o.s.b.f.s.DefaultListableBeanFactory - Eagerly caching bean 'retryHandler' to allow for resolving potential circular references
2020-03-09 20:45:44.994 [main] DEBUG o.s.b.f.s.DefaultListableBeanFactory - Finished creating instance of bean 'retryHandler'
2020-03-09 20:45:44.994 [main] DEBUG o.s.b.f.s.DefaultListableBeanFactory - Returning cached instance of singleton bean 'httpClient'
2020-03-09 20:45:44.994 [main] DEBUG o.s.b.f.s.DefaultListableBeanFactory - Autowiring by type from bean name 'ribbonLoadBalancingHttpClient' via factory method to bean named 'ribbonClientConfig'
2020-03-09 20:45:44.994 [main] DEBUG o.s.b.f.s.DefaultListableBeanFactory - Autowiring by type from bean name 'ribbonLoadBalancingHttpClient' via factory method to bean named 'serverIntrospector'
2020-03-09 20:45:44.994 [main] DEBUG o.s.b.f.s.DefaultListableBeanFactory - Autowiring by type from bean name 'ribbonLoadBalancingHttpClient' via factory method to bean named 'ribbonLoadBalancer'
2020-03-09 20:45:44.994 [main] DEBUG o.s.b.f.s.DefaultListableBeanFactory - Autowiring by type from bean name 'ribbonLoadBalancingHttpClient' via factory method to bean named 'retryHandler'
2020-03-09 20:45:44.994 [main] DEBUG o.s.b.f.s.DefaultListableBeanFactory - Autowiring by type from bean name 'ribbonLoadBalancingHttpClient' via factory method to bean named 'httpClient'
2020-03-09 20:45:44.996 [main] DEBUG o.s.b.f.s.DefaultListableBeanFactory - Eagerly caching bean 'ribbonLoadBalancingHttpClient' to allow for resolving potential circular references
2020-03-09 20:45:45.011 [main] DEBUG o.s.b.f.s.DefaultListableBeanFactory - Finished creating instance of bean 'ribbonLoadBalancingHttpClient'
2020-03-09 20:45:45.011 [main] DEBUG o.s.b.f.s.DefaultListableBeanFactory - Returning cached instance of singleton bean 'ribbonClientConfig'
2020-03-09 20:45:45.011 [main] DEBUG o.s.b.f.s.DefaultListableBeanFactory - Returning cached instance of singleton bean 'ribbonRule'
2020-03-09 20:45:45.011 [main] DEBUG o.s.b.f.s.DefaultListableBeanFactory - Returning cached instance of singleton bean 'ribbonServerListUpdater'
2020-03-09 20:45:45.011 [main] DEBUG o.s.b.f.s.DefaultListableBeanFactory - Returning cached instance of singleton bean 'ribbonLoadBalancer'
2020-03-09 20:45:45.011 [main] DEBUG o.s.b.f.s.DefaultListableBeanFactory - Returning cached instance of singleton bean 'ribbonServerListFilter'
2020-03-09 20:45:45.011 [main] DEBUG o.s.b.f.s.DefaultListableBeanFactory - Creating shared instance of singleton bean 'ribbonLoadBalancerContext'
2020-03-09 20:45:45.011 [main] DEBUG o.s.b.f.s.DefaultListableBeanFactory - Creating instance of bean 'ribbonLoadBalancerContext'
2020-03-09 20:45:45.012 [main] DEBUG o.s.b.f.s.DefaultListableBeanFactory - Returning cached instance of singleton bean 'ribbonClientConfiguration'
2020-03-09 20:45:45.012 [main] DEBUG o.s.b.f.s.DefaultListableBeanFactory - Returning cached instance of singleton bean 'ribbonLoadBalancer'
2020-03-09 20:45:45.012 [main] DEBUG o.s.b.f.s.DefaultListableBeanFactory - Returning cached instance of singleton bean 'ribbonClientConfig'
2020-03-09 20:45:45.012 [main] DEBUG o.s.b.f.s.DefaultListableBeanFactory - Returning cached instance of singleton bean 'retryHandler'
2020-03-09 20:45:45.012 [main] DEBUG o.s.b.f.s.DefaultListableBeanFactory - Autowiring by type from bean name 'ribbonLoadBalancerContext' via factory method to bean named 'ribbonLoadBalancer'
2020-03-09 20:45:45.012 [main] DEBUG o.s.b.f.s.DefaultListableBeanFactory - Autowiring by type from bean name 'ribbonLoadBalancerContext' via factory method to bean named 'ribbonClientConfig'
2020-03-09 20:45:45.012 [main] DEBUG o.s.b.f.s.DefaultListableBeanFactory - Autowiring by type from bean name 'ribbonLoadBalancerContext' via factory method to bean named 'retryHandler'
2020-03-09 20:45:45.013 [main] DEBUG o.s.b.f.s.DefaultListableBeanFactory - Eagerly caching bean 'ribbonLoadBalancerContext' to allow for resolving potential circular references
2020-03-09 20:45:45.018 [main] DEBUG o.s.b.f.s.DefaultListableBeanFactory - Finished creating instance of bean 'ribbonLoadBalancerContext'
2020-03-09 20:45:45.018 [main] DEBUG o.s.b.f.s.DefaultListableBeanFactory - Returning cached instance of singleton bean 'retryHandler'
2020-03-09 20:45:45.018 [main] DEBUG o.s.b.f.s.DefaultListableBeanFactory - Returning cached instance of singleton bean 'org.springframework.boot.context.properties.ConfigurationPropertiesBindingPostProcessor'
2020-03-09 20:45:45.018 [main] DEBUG o.s.b.f.s.DefaultListableBeanFactory - Returning cached instance of singleton bean 'org.springframework.boot.context.properties.ConfigurationBeanFactoryMetadata'
2020-03-09 20:45:45.018 [main] DEBUG o.s.b.f.s.DefaultListableBeanFactory - Returning cached instance of singleton bean 'org.springframework.context.event.internalEventListenerFactory'
2020-03-09 20:45:45.024 [main] DEBUG o.s.c.a.AnnotationConfigApplicationContext - Unable to locate LifecycleProcessor with name 'lifecycleProcessor': using default [org.springframework.context.support.DefaultLifecycleProcessor@179cdf4f]
2020-03-09 20:45:45.025 [main] DEBUG o.s.b.f.s.DefaultListableBeanFactory - Returning cached instance of singleton bean 'lifecycleProcessor'
2020-03-09 20:45:45.026 [main] DEBUG o.s.b.f.s.DefaultListableBeanFactory - Returning cached instance of singleton bean 'refreshScope'
2020-03-09 20:45:45.026 [main] DEBUG o.s.c.e.PropertySourcesPropertyResolver - Could not find key 'spring.liveBeansView.mbeanDomain' in any property source
2020-03-09 20:45:45.026 [main] DEBUG o.s.b.f.s.DefaultListableBeanFactory - Returning cached instance of singleton bean 'ribbonLoadBalancer'
2020-03-09 20:45:45.026 [main] DEBUG c.n.l.ZoneAwareLoadBalancer - Zone aware logic disabled or there is only one zone
2020-03-09 20:45:45.027 [main] DEBUG o.s.t.c.c.DefaultCacheAwareContextLoaderDelegate - Retrieved ApplicationContext from cache with key [[WebMergedContextConfiguration@5b5f06bb testClass = Tests, locations = '{}', classes = '{class com.ningmeng.manage_course.ManageCourseApplication}', contextInitializerClasses = '[]', activeProfiles = '{}', propertySourceLocations = '{}', propertySourceProperties = '{org.springframework.boot.test.context.SpringBootTestContextBootstrapper=true}', contextCustomizers = set[org.springframework.boot.test.context.filter.ExcludeFilterContextCustomizer@2145433b, org.springframework.boot.test.json.DuplicateJsonObjectContextCustomizerFactory$DuplicateJsonObjectContextCustomizer@1b083826, org.springframework.boot.test.mock.mockito.MockitoContextCustomizer@0, org.springframework.boot.test.web.client.TestRestTemplateContextCustomizer@161b062a, org.springframework.boot.test.autoconfigure.properties.PropertyMappingContextCustomizer@0, org.springframework.boot.test.autoconfigure.web.servlet.WebDriverContextCustomizerFactory$Customizer@657c8ad9], resourceBasePath = 'src/main/webapp', contextLoader = 'org.springframework.boot.test.context.SpringBootContextLoader', parent = [null]]]
2020-03-09 20:45:45.027 [main] DEBUG o.springframework.test.context.cache - Spring test ApplicationContext cache statistics: [DefaultContextCache@14980819 size = 1, maxSize = 32, parentContextCount = 0, hitCount = 36, missCount = 1]
2020-03-09 20:45:45.027 [main] DEBUG o.s.t.c.c.DefaultCacheAwareContextLoaderDelegate - Retrieved ApplicationContext from cache with key [[WebMergedContextConfiguration@5b5f06bb testClass = Tests, locations = '{}', classes = '{class com.ningmeng.manage_course.ManageCourseApplication}', contextInitializerClasses = '[]', activeProfiles = '{}', propertySourceLocations = '{}', propertySourceProperties = '{org.springframework.boot.test.context.SpringBootTestContextBootstrapper=true}', contextCustomizers = set[org.springframework.boot.test.context.filter.ExcludeFilterContextCustomizer@2145433b, org.springframework.boot.test.json.DuplicateJsonObjectContextCustomizerFactory$DuplicateJsonObjectContextCustomizer@1b083826, org.springframework.boot.test.mock.mockito.MockitoContextCustomizer@0, org.springframework.boot.test.web.client.TestRestTemplateContextCustomizer@161b062a, org.springframework.boot.test.autoconfigure.properties.PropertyMappingContextCustomizer@0, org.springframework.boot.test.autoconfigure.web.servlet.WebDriverContextCustomizerFactory$Customizer@657c8ad9], resourceBasePath = 'src/main/webapp', contextLoader = 'org.springframework.boot.test.context.SpringBootContextLoader', parent = [null]]]
2020-03-09 20:45:45.027 [main] DEBUG o.springframework.test.context.cache - Spring test ApplicationContext cache statistics: [DefaultContextCache@14980819 size = 1, maxSize = 32, parentContextCount = 0, hitCount = 37, missCount = 1]
2020-03-09 20:45:45.027 [main] DEBUG o.s.t.c.c.DefaultCacheAwareContextLoaderDelegate - Retrieved ApplicationContext from cache with key [[WebMergedContextConfiguration@5b5f06bb testClass = Tests, locations = '{}', classes = '{class com.ningmeng.manage_course.ManageCourseApplication}', contextInitializerClasses = '[]', activeProfiles = '{}', propertySourceLocations = '{}', propertySourceProperties = '{org.springframework.boot.test.context.SpringBootTestContextBootstrapper=true}', contextCustomizers = set[org.springframework.boot.test.context.filter.ExcludeFilterContextCustomizer@2145433b, org.springframework.boot.test.json.DuplicateJsonObjectContextCustomizerFactory$DuplicateJsonObjectContextCustomizer@1b083826, org.springframework.boot.test.mock.mockito.MockitoContextCustomizer@0, org.springframework.boot.test.web.client.TestRestTemplateContextCustomizer@161b062a, org.springframework.boot.test.autoconfigure.properties.PropertyMappingContextCustomizer@0, org.springframework.boot.test.autoconfigure.web.servlet.WebDriverContextCustomizerFactory$Customizer@657c8ad9], resourceBasePath = 'src/main/webapp', contextLoader = 'org.springframework.boot.test.context.SpringBootContextLoader', parent = [null]]]
2020-03-09 20:45:45.028 [main] DEBUG o.springframework.test.context.cache - Spring test ApplicationContext cache statistics: [DefaultContextCache@14980819 size = 1, maxSize = 32, parentContextCount = 0, hitCount = 38, missCount = 1]
2020-03-09 20:45:45.030 [main] DEBUG o.s.t.c.c.DefaultCacheAwareContextLoaderDelegate - Retrieved ApplicationContext from cache with key [[WebMergedContextConfiguration@5b5f06bb testClass = Tests, locations = '{}', classes = '{class com.ningmeng.manage_course.ManageCourseApplication}', contextInitializerClasses = '[]', activeProfiles = '{}', propertySourceLocations = '{}', propertySourceProperties = '{org.springframework.boot.test.context.SpringBootTestContextBootstrapper=true}', contextCustomizers = set[org.springframework.boot.test.context.filter.ExcludeFilterContextCustomizer@2145433b, org.springframework.boot.test.json.DuplicateJsonObjectContextCustomizerFactory$DuplicateJsonObjectContextCustomizer@1b083826, org.springframework.boot.test.mock.mockito.MockitoContextCustomizer@0, org.springframework.boot.test.web.client.TestRestTemplateContextCustomizer@161b062a, org.springframework.boot.test.autoconfigure.properties.PropertyMappingContextCustomizer@0, org.springframework.boot.test.autoconfigure.web.servlet.WebDriverContextCustomizerFactory$Customizer@657c8ad9], resourceBasePath = 'src/main/webapp', contextLoader = 'org.springframework.boot.test.context.SpringBootContextLoader', parent = [null]]]
2020-03-09 20:45:45.030 [main] DEBUG o.springframework.test.context.cache - Spring test ApplicationContext cache statistics: [DefaultContextCache@14980819 size = 1, maxSize = 32, parentContextCount = 0, hitCount = 39, missCount = 1]
2020-03-09 20:45:45.031 [main] DEBUG o.s.b.f.s.DefaultListableBeanFactory - Returning cached instance of singleton bean 'org.springframework.boot.test.mock.mockito.MockitoBeans'
2020-03-09 20:45:45.031 [main] DEBUG o.s.t.c.s.AbstractDirtiesContextTestExecutionListener - After test method: context [DefaultTestContext@6c54d0dc testClass = Tests, testInstance = com.ningmeng.manage_course.dao.Tests@7c74ef4a, testMethod = testRibbon@Tests, testException = java.lang.IllegalStateException: No instances available for NM-SERVICE-MANAGE-CMS, mergedContextConfiguration = [WebMergedContextConfiguration@5b5f06bb testClass = Tests, locations = '{}', classes = '{class com.ningmeng.manage_course.ManageCourseApplication}', contextInitializerClasses = '[]', activeProfiles = '{}', propertySourceLocations = '{}', propertySourceProperties = '{org.springframework.boot.test.context.SpringBootTestContextBootstrapper=true}', contextCustomizers = set[org.springframework.boot.test.context.filter.ExcludeFilterContextCustomizer@2145433b, org.springframework.boot.test.json.DuplicateJsonObjectContextCustomizerFactory$DuplicateJsonObjectContextCustomizer@1b083826, org.springframework.boot.test.mock.mockito.MockitoContextCustomizer@0, org.springframework.boot.test.web.client.TestRestTemplateContextCustomizer@161b062a, org.springframework.boot.test.autoconfigure.properties.PropertyMappingContextCustomizer@0, org.springframework.boot.test.autoconfigure.web.servlet.WebDriverContextCustomizerFactory$Customizer@657c8ad9], resourceBasePath = 'src/main/webapp', contextLoader = 'org.springframework.boot.test.context.SpringBootContextLoader', parent = [null]], attributes = map['org.springframework.test.context.web.ServletTestExecutionListener.activateListener' -> true, 'org.springframework.test.context.web.ServletTestExecutionListener.populatedRequestContextHolder' -> true, 'org.springframework.test.context.web.ServletTestExecutionListener.resetRequestContextHolder' -> true]], class annotated with @DirtiesContext [false] with mode [null], method annotated with @DirtiesContext [false] with mode [null].
2020-03-09 20:45:45.031 [main] DEBUG o.s.t.c.w.ServletTestExecutionListener - Resetting RequestContextHolder for test context [DefaultTestContext@6c54d0dc testClass = Tests, testInstance = com.ningmeng.manage_course.dao.Tests@7c74ef4a, testMethod = testRibbon@Tests, testException = java.lang.IllegalStateException: No instances available for NM-SERVICE-MANAGE-CMS, mergedContextConfiguration = [WebMergedContextConfiguration@5b5f06bb testClass = Tests, locations = '{}', classes = '{class com.ningmeng.manage_course.ManageCourseApplication}', contextInitializerClasses = '[]', activeProfiles = '{}', propertySourceLocations = '{}', propertySourceProperties = '{org.springframework.boot.test.context.SpringBootTestContextBootstrapper=true}', contextCustomizers = set[org.springframework.boot.test.context.filter.ExcludeFilterContextCustomizer@2145433b, org.springframework.boot.test.json.DuplicateJsonObjectContextCustomizerFactory$DuplicateJsonObjectContextCustomizer@1b083826, org.springframework.boot.test.mock.mockito.MockitoContextCustomizer@0, org.springframework.boot.test.web.client.TestRestTemplateContextCustomizer@161b062a, org.springframework.boot.test.autoconfigure.properties.PropertyMappingContextCustomizer@0, org.springframework.boot.test.autoconfigure.web.servlet.WebDriverContextCustomizerFactory$Customizer@657c8ad9], resourceBasePath = 'src/main/webapp', contextLoader = 'org.springframework.boot.test.context.SpringBootContextLoader', parent = [null]], attributes = map['org.springframework.test.context.web.ServletTestExecutionListener.activateListener' -> true, 'org.springframework.test.context.web.ServletTestExecutionListener.populatedRequestContextHolder' -> true, 'org.springframework.test.context.web.ServletTestExecutionListener.resetRequestContextHolder' -> true]].
]]></system-out>
  </testcase>
</testsuite>